<?xml version="1.0" encoding="UTF-8"?>
<coverage generated="1768630699595" clover="3.2.0">
  <project timestamp="1768630699595" name="All files">
    <metrics statements="645" coveredstatements="566" conditionals="440" coveredconditionals="360" methods="124" coveredmethods="95" elements="1209" coveredelements="1021" complexity="0" loc="645" ncloc="645" packages="5" files="11" classes="11"/>
    <package name="database">
      <metrics statements="55" coveredstatements="20" conditionals="18" coveredconditionals="2" methods="24" coveredmethods="3"/>
      <file name="db.js" path="/Users/robert/dev/git/personal/careerpulse/backend/database/db.js">
        <metrics statements="55" coveredstatements="20" conditionals="18" coveredconditionals="2" methods="24" coveredmethods="3"/>
        <line num="2" count="1" type="stmt"/>
        <line num="3" count="1" type="stmt"/>
        <line num="4" count="1" type="stmt"/>
        <line num="5" count="1" type="stmt"/>
        <line num="7" count="1" type="stmt"/>
        <line num="8" count="1" type="stmt"/>
        <line num="10" count="1" type="cond" truecount="2" falsecount="0"/>
        <line num="11" count="1" type="stmt"/>
        <line num="14" count="1" type="stmt"/>
        <line num="15" count="1" type="stmt"/>
        <line num="16" count="1" type="stmt"/>
        <line num="19" count="1" type="stmt"/>
        <line num="25" count="1" type="stmt"/>
        <line num="27" count="1" type="stmt"/>
        <line num="29" count="12" type="stmt"/>
        <line num="30" count="12" type="stmt"/>
        <line num="32" count="1" type="stmt"/>
        <line num="33" count="11" type="stmt"/>
        <line num="35" count="1" type="stmt"/>
        <line num="42" count="0" type="stmt"/>
        <line num="53" count="0" type="stmt"/>
        <line num="60" count="0" type="stmt"/>
        <line num="73" count="0" type="cond" truecount="0" falsecount="2"/>
        <line num="74" count="0" type="stmt"/>
        <line num="77" count="0" type="stmt"/>
        <line num="84" count="0" type="stmt"/>
        <line num="85" count="0" type="cond" truecount="0" falsecount="2"/>
        <line num="86" count="0" type="stmt"/>
        <line num="89" count="0" type="stmt"/>
        <line num="90" count="0" type="cond" truecount="0" falsecount="2"/>
        <line num="91" count="0" type="stmt"/>
        <line num="93" count="0" type="stmt"/>
        <line num="100" count="0" type="cond" truecount="0" falsecount="2"/>
        <line num="101" count="0" type="stmt"/>
        <line num="102" count="0" type="cond" truecount="0" falsecount="4"/>
        <line num="103" count="0" type="stmt"/>
        <line num="107" count="0" type="stmt"/>
        <line num="114" count="0" type="stmt"/>
        <line num="121" count="0" type="stmt"/>
        <line num="131" count="0" type="stmt"/>
        <line num="143" count="0" type="stmt"/>
        <line num="145" count="0" type="cond" truecount="0" falsecount="2"/>
        <line num="146" count="0" type="stmt"/>
        <line num="152" count="0" type="stmt"/>
        <line num="163" count="0" type="stmt"/>
        <line num="170" count="0" type="stmt"/>
        <line num="177" count="0" type="stmt"/>
        <line num="192" count="0" type="stmt"/>
        <line num="202" count="0" type="stmt"/>
        <line num="209" count="0" type="stmt"/>
        <line num="216" count="0" type="stmt"/>
        <line num="217" count="0" type="stmt"/>
        <line num="218" count="0" type="cond" truecount="0" falsecount="2"/>
        <line num="219" count="0" type="stmt"/>
        <line num="225" count="1" type="stmt"/>
      </file>
    </package>
    <package name="routes">
      <metrics statements="105" coveredstatements="96" conditionals="34" coveredconditionals="29" methods="8" coveredmethods="8"/>
      <file name="auth.js" path="/Users/robert/dev/git/personal/careerpulse/backend/routes/auth.js">
        <metrics statements="55" coveredstatements="51" conditionals="20" coveredconditionals="19" methods="5" coveredmethods="5"/>
        <line num="14" count="1" type="stmt"/>
        <line num="20" count="1" type="stmt"/>
        <line num="21" count="3" type="stmt"/>
        <line num="22" count="3" type="stmt"/>
        <line num="23" count="3" type="stmt"/>
        <line num="25" count="1" type="stmt"/>
        <line num="26" count="1" type="stmt"/>
        <line num="34" count="1" type="stmt"/>
        <line num="35" count="5" type="stmt"/>
        <line num="36" count="5" type="stmt"/>
        <line num="38" count="5" type="cond" truecount="2" falsecount="0"/>
        <line num="39" count="1" type="stmt"/>
        <line num="43" count="4" type="stmt"/>
        <line num="45" count="3" type="cond" truecount="4" falsecount="0"/>
        <line num="46" count="1" type="stmt"/>
        <line num="50" count="2" type="cond" truecount="1" falsecount="1"/>
        <line num="57" count="5" type="stmt"/>
        <line num="66" count="2" type="stmt"/>
        <line num="80" count="1" type="stmt"/>
        <line num="81" count="1" type="stmt"/>
        <line num="97" count="1" type="stmt"/>
        <line num="98" count="4" type="stmt"/>
        <line num="99" count="4" type="stmt"/>
        <line num="101" count="4" type="cond" truecount="2" falsecount="0"/>
        <line num="102" count="1" type="stmt"/>
        <line num="109" count="3" type="stmt"/>
        <line num="110" count="3" type="stmt"/>
        <line num="111" count="3" type="stmt"/>
        <line num="114" count="3" type="cond" truecount="4" falsecount="0"/>
        <line num="115" count="2" type="stmt"/>
        <line num="116" count="2" type="stmt"/>
        <line num="119" count="1" type="stmt"/>
        <line num="127" count="1" type="stmt"/>
        <line num="132" count="1" type="stmt"/>
        <line num="134" count="1" type="stmt"/>
        <line num="135" count="1" type="stmt"/>
        <line num="143" count="1" type="stmt"/>
        <line num="148" count="0" type="stmt"/>
        <line num="149" count="0" type="stmt"/>
        <line num="157" count="1" type="stmt"/>
        <line num="158" count="2" type="stmt"/>
        <line num="159" count="2" type="stmt"/>
        <line num="161" count="1" type="stmt"/>
        <line num="166" count="1" type="stmt"/>
        <line num="167" count="1" type="stmt"/>
        <line num="175" count="1" type="stmt"/>
        <line num="176" count="2" type="stmt"/>
        <line num="177" count="2" type="stmt"/>
        <line num="179" count="2" type="cond" truecount="4" falsecount="0"/>
        <line num="180" count="1" type="stmt"/>
        <line num="183" count="1" type="stmt"/>
        <line num="186" count="1" type="stmt"/>
        <line num="194" count="1" type="stmt"/>
        <line num="199" count="0" type="stmt"/>
        <line num="200" count="0" type="stmt"/>
      </file>
      <file name="email.js" path="/Users/robert/dev/git/personal/careerpulse/backend/routes/email.js">
        <metrics statements="50" coveredstatements="45" conditionals="14" coveredconditionals="10" methods="3" coveredmethods="3"/>
        <line num="8" count="1" type="stmt"/>
        <line num="11" count="1" type="stmt"/>
        <line num="17" count="1" type="stmt"/>
        <line num="18" count="5" type="stmt"/>
        <line num="19" count="5" type="cond" truecount="2" falsecount="0"/>
        <line num="21" count="5" type="stmt"/>
        <line num="24" count="5" type="stmt"/>
        <line num="25" count="4" type="stmt"/>
        <line num="27" count="4" type="stmt"/>
        <line num="37" count="4" type="stmt"/>
        <line num="38" count="4" type="stmt"/>
        <line num="40" count="4" type="stmt"/>
        <line num="42" count="4" type="cond" truecount="1" falsecount="1"/>
        <line num="44" count="0" type="stmt"/>
        <line num="47" count="2" type="stmt"/>
        <line num="50" count="2" type="stmt"/>
        <line num="53" count="2" type="stmt"/>
        <line num="55" count="2" type="cond" truecount="2" falsecount="0"/>
        <line num="56" count="1" type="stmt"/>
        <line num="57" count="1" type="stmt"/>
        <line num="58" count="1" type="stmt"/>
        <line num="62" count="1" type="stmt"/>
        <line num="64" count="1" type="stmt"/>
        <line num="65" count="1" type="stmt"/>
        <line num="66" count="1" type="stmt"/>
        <line num="74" count="2" type="stmt"/>
        <line num="75" count="2" type="stmt"/>
        <line num="79" count="4" type="stmt"/>
        <line num="81" count="4" type="stmt"/>
        <line num="87" count="1" type="stmt"/>
        <line num="89" count="1" type="cond" truecount="1" falsecount="1"/>
        <line num="90" count="1" type="stmt"/>
        <line num="96" count="0" type="stmt"/>
        <line num="107" count="1" type="stmt"/>
        <line num="108" count="2" type="stmt"/>
        <line num="109" count="2" type="stmt"/>
        <line num="110" count="1" type="stmt"/>
        <line num="112" count="1" type="stmt"/>
        <line num="114" count="1" type="cond" truecount="1" falsecount="1"/>
        <line num="115" count="1" type="stmt"/>
        <line num="120" count="0" type="stmt"/>
        <line num="131" count="1" type="stmt"/>
        <line num="132" count="2" type="stmt"/>
        <line num="134" count="2" type="stmt"/>
        <line num="135" count="2" type="stmt"/>
        <line num="137" count="2" type="cond" truecount="2" falsecount="0"/>
        <line num="138" count="1" type="stmt"/>
        <line num="144" count="1" type="stmt"/>
        <line num="150" count="0" type="stmt"/>
        <line num="151" count="0" type="stmt"/>
      </file>
    </package>
    <package name="services">
      <metrics statements="79" coveredstatements="79" conditionals="52" coveredconditionals="49" methods="15" coveredmethods="15"/>
      <file name="emailParser.js" path="/Users/robert/dev/git/personal/careerpulse/backend/services/emailParser.js">
        <metrics statements="79" coveredstatements="79" conditionals="52" coveredconditionals="49" methods="15" coveredmethods="15"/>
        <line num="7" count="4" type="stmt"/>
        <line num="18" count="4" type="stmt"/>
        <line num="31" count="4" type="stmt"/>
        <line num="43" count="4" type="stmt"/>
        <line num="58" count="1514" type="stmt"/>
        <line num="60" count="1514" type="stmt"/>
        <line num="67" count="12224" type="stmt"/>
        <line num="74" count="1489" type="stmt"/>
        <line num="77" count="10642" type="cond" truecount="2" falsecount="0"/>
        <line num="78" count="186" type="stmt"/>
        <line num="81" count="10538" type="cond" truecount="2" falsecount="0"/>
        <line num="82" count="162" type="stmt"/>
        <line num="85" count="9827" type="cond" truecount="2" falsecount="0"/>
        <line num="86" count="185" type="stmt"/>
        <line num="89" count="1554" type="cond" truecount="2" falsecount="0"/>
        <line num="90" count="955" type="stmt"/>
        <line num="93" count="1" type="stmt"/>
        <line num="104" count="1536" type="stmt"/>
        <line num="105" count="1536" type="cond" truecount="1" falsecount="1"/>
        <line num="106" count="1536" type="stmt"/>
        <line num="108" count="1536" type="stmt"/>
        <line num="109" count="1536" type="cond" truecount="2" falsecount="0"/>
        <line num="110" count="1175" type="stmt"/>
        <line num="115" count="361" type="stmt"/>
        <line num="116" count="361" type="cond" truecount="2" falsecount="0"/>
        <line num="117" count="133" type="stmt"/>
        <line num="121" count="228" type="stmt"/>
        <line num="126" count="228" type="stmt"/>
        <line num="127" count="355" type="stmt"/>
        <line num="128" count="355" type="cond" truecount="2" falsecount="0"/>
        <line num="129" count="103" type="stmt"/>
        <line num="134" count="125" type="stmt"/>
        <line num="135" count="125" type="cond" truecount="2" falsecount="0"/>
        <line num="136" count="1" type="stmt"/>
        <line num="139" count="124" type="cond" truecount="1" falsecount="1"/>
        <line num="147" count="1389" type="stmt"/>
        <line num="155" count="1389" type="stmt"/>
        <line num="156" count="3856" type="stmt"/>
        <line num="157" count="3856" type="cond" truecount="4" falsecount="0"/>
        <line num="158" count="788" type="stmt"/>
        <line num="160" count="788" type="cond" truecount="4" falsecount="0"/>
        <line num="161" count="776" type="stmt"/>
        <line num="167" count="613" type="stmt"/>
        <line num="174" count="613" type="stmt"/>
        <line num="175" count="2442" type="stmt"/>
        <line num="176" count="2442" type="cond" truecount="4" falsecount="0"/>
        <line num="177" count="6" type="stmt"/>
        <line num="181" count="607" type="stmt"/>
        <line num="189" count="1180" type="stmt"/>
        <line num="195" count="1180" type="stmt"/>
        <line num="196" count="3529" type="stmt"/>
        <line num="197" count="3529" type="cond" truecount="2" falsecount="0"/>
        <line num="198" count="10" type="cond" truecount="2" falsecount="0"/>
        <line num="199" count="10" type="stmt"/>
        <line num="203" count="1170" type="stmt"/>
        <line num="211" count="1180" type="stmt"/>
        <line num="214" count="1180" type="cond" truecount="4" falsecount="0"/>
        <line num="215" count="1176" type="stmt"/>
        <line num="219" count="1180" type="cond" truecount="4" falsecount="0"/>
        <line num="220" count="572" type="stmt"/>
        <line num="224" count="1180" type="cond" truecount="2" falsecount="0"/>
        <line num="225" count="1177" type="stmt"/>
        <line num="228" count="1180" type="stmt"/>
        <line num="235" count="1297" type="stmt"/>
        <line num="238" count="1297" type="cond" truecount="2" falsecount="0"/>
        <line num="239" count="124" type="stmt"/>
        <line num="243" count="1173" type="stmt"/>
        <line num="244" count="1173" type="stmt"/>
        <line num="245" count="1173" type="stmt"/>
        <line num="246" count="1173" type="stmt"/>
        <line num="247" count="1173" type="stmt"/>
        <line num="250" count="1173" type="stmt"/>
        <line num="251" count="1173" type="stmt"/>
        <line num="253" count="1173" type="stmt"/>
        <line num="276" count="1299" type="cond" truecount="1" falsecount="1"/>
        <line num="277" count="1299" type="stmt"/>
        <line num="284" count="794" type="stmt"/>
        <line num="294" count="1173" type="stmt"/>
        <line num="295" count="1173" type="stmt"/>
      </file>
    </package>
    <package name="tests.fixtures">
      <metrics statements="0" coveredstatements="0" conditionals="0" coveredconditionals="0" methods="0" coveredmethods="0"/>
      <file name="edgeCaseEmails.json" path="/Users/robert/dev/git/personal/careerpulse/backend/tests/fixtures/edgeCaseEmails.json">
        <metrics statements="0" coveredstatements="0" conditionals="0" coveredconditionals="0" methods="0" coveredmethods="0"/>
      </file>
      <file name="sampleEmails.json" path="/Users/robert/dev/git/personal/careerpulse/backend/tests/fixtures/sampleEmails.json">
        <metrics statements="0" coveredstatements="0" conditionals="0" coveredconditionals="0" methods="0" coveredmethods="0"/>
      </file>
    </package>
    <package name="tests.helpers">
      <metrics statements="406" coveredstatements="371" conditionals="336" coveredconditionals="280" methods="77" coveredmethods="69"/>
      <file name="assertions.js" path="/Users/robert/dev/git/personal/careerpulse/backend/tests/helpers/assertions.js">
        <metrics statements="114" coveredstatements="100" conditionals="164" coveredconditionals="142" methods="8" coveredmethods="8"/>
        <line num="12" count="1" type="stmt"/>
        <line num="17" count="1" type="stmt"/>
        <line num="34" count="16" type="cond" truecount="4" falsecount="0"/>
        <line num="35" count="2" type="stmt"/>
        <line num="39" count="14" type="stmt"/>
        <line num="44" count="14" type="stmt"/>
        <line num="45" count="112" type="cond" truecount="2" falsecount="0"/>
        <line num="46" count="1" type="stmt"/>
        <line num="50" count="111" type="cond" truecount="4" falsecount="0"/>
        <line num="51" count="1" type="stmt"/>
        <line num="56" count="12" type="cond" truecount="3" falsecount="1"/>
        <line num="57" count="0" type="stmt"/>
        <line num="61" count="12" type="cond" truecount="4" falsecount="1"/>
        <line num="62" count="0" type="stmt"/>
        <line num="66" count="12" type="stmt"/>
        <line num="67" count="12" type="stmt"/>
        <line num="68" count="36" type="cond" truecount="4" falsecount="1"/>
        <line num="69" count="0" type="stmt"/>
        <line num="76" count="12" type="cond" truecount="2" falsecount="0"/>
        <line num="77" count="1" type="stmt"/>
        <line num="82" count="11" type="cond" truecount="1" falsecount="1"/>
        <line num="83" count="0" type="stmt"/>
        <line num="89" count="11" type="cond" truecount="4" falsecount="0"/>
        <line num="90" count="1" type="stmt"/>
        <line num="96" count="10" type="cond" truecount="4" falsecount="0"/>
        <line num="97" count="1" type="stmt"/>
        <line num="103" count="9" type="stmt"/>
        <line num="106" count="9" type="stmt"/>
        <line num="109" count="9" type="stmt"/>
        <line num="112" count="9" type="cond" truecount="2" falsecount="0"/>
        <line num="113" count="1" type="stmt"/>
        <line num="119" count="6" type="cond" truecount="4" falsecount="1"/>
        <line num="120" count="0" type="stmt"/>
        <line num="138" count="9" type="cond" truecount="3" falsecount="1"/>
        <line num="139" count="0" type="stmt"/>
        <line num="143" count="9" type="cond" truecount="2" falsecount="0"/>
        <line num="144" count="7" type="stmt"/>
        <line num="147" count="7" type="cond" truecount="4" falsecount="0"/>
        <line num="148" count="5" type="stmt"/>
        <line num="152" count="7" type="cond" truecount="4" falsecount="0"/>
        <line num="153" count="4" type="stmt"/>
        <line num="157" count="7" type="cond" truecount="3" falsecount="1"/>
        <line num="158" count="7" type="stmt"/>
        <line num="162" count="9" type="cond" truecount="2" falsecount="0"/>
        <line num="164" count="3" type="cond" truecount="3" falsecount="1"/>
        <line num="165" count="3" type="cond" truecount="4" falsecount="0"/>
        <line num="166" count="3" type="cond" truecount="3" falsecount="1"/>
        <line num="168" count="3" type="stmt"/>
        <line num="189" count="29" type="cond" truecount="2" falsecount="0"/>
        <line num="190" count="1" type="stmt"/>
        <line num="196" count="28" type="stmt"/>
        <line num="197" count="28" type="cond" truecount="2" falsecount="0"/>
        <line num="198" count="4" type="stmt"/>
        <line num="204" count="24" type="stmt"/>
        <line num="207" count="24" type="cond" truecount="4" falsecount="0"/>
        <line num="208" count="1" type="stmt"/>
        <line num="214" count="23" type="cond" truecount="4" falsecount="0"/>
        <line num="215" count="1" type="stmt"/>
        <line num="221" count="22" type="cond" truecount="4" falsecount="0"/>
        <line num="222" count="1" type="stmt"/>
        <line num="228" count="21" type="stmt"/>
        <line num="229" count="21" type="cond" truecount="2" falsecount="0"/>
        <line num="234" count="2" type="stmt"/>
        <line num="250" count="16" type="cond" truecount="2" falsecount="0"/>
        <line num="251" count="1" type="stmt"/>
        <line num="256" count="15" type="cond" truecount="2" falsecount="0"/>
        <line num="257" count="4" type="stmt"/>
        <line num="273" count="4" type="cond" truecount="3" falsecount="1"/>
        <line num="274" count="0" type="stmt"/>
        <line num="277" count="4" type="cond" truecount="3" falsecount="1"/>
        <line num="278" count="0" type="stmt"/>
        <line num="282" count="4" type="stmt"/>
        <line num="285" count="4" type="cond" truecount="2" falsecount="0"/>
        <line num="286" count="1" type="stmt"/>
        <line num="292" count="3" type="cond" truecount="4" falsecount="0"/>
        <line num="293" count="1" type="stmt"/>
        <line num="298" count="2" type="cond" truecount="2" falsecount="2"/>
        <line num="299" count="0" type="stmt"/>
        <line num="304" count="2" type="cond" truecount="4" falsecount="0"/>
        <line num="305" count="1" type="stmt"/>
        <line num="310" count="1" type="cond" truecount="2" falsecount="2"/>
        <line num="311" count="0" type="stmt"/>
        <line num="317" count="1" type="stmt"/>
        <line num="332" count="8" type="cond" truecount="3" falsecount="1"/>
        <line num="333" count="0" type="stmt"/>
        <line num="340" count="8" type="cond" truecount="4" falsecount="0"/>
        <line num="342" count="2" type="stmt"/>
        <line num="343" count="2" type="stmt"/>
        <line num="346" count="2" type="stmt"/>
        <line num="347" count="2" type="stmt"/>
        <line num="348" count="8" type="cond" truecount="2" falsecount="0"/>
        <line num="349" count="2" type="stmt"/>
        <line num="350" count="2" type="stmt"/>
        <line num="354" count="2" type="cond" truecount="1" falsecount="1"/>
        <line num="355" count="2" type="stmt"/>
        <line num="365" count="6" type="cond" truecount="2" falsecount="0"/>
        <line num="366" count="1" type="stmt"/>
        <line num="372" count="5" type="cond" truecount="2" falsecount="0"/>
        <line num="373" count="1" type="stmt"/>
        <line num="389" count="5" type="cond" truecount="3" falsecount="1"/>
        <line num="390" count="0" type="stmt"/>
        <line num="393" count="5" type="stmt"/>
        <line num="394" count="7" type="cond" truecount="2" falsecount="0"/>
        <line num="395" count="1" type="stmt"/>
        <line num="398" count="6" type="cond" truecount="2" falsecount="0"/>
        <line num="399" count="1" type="stmt"/>
        <line num="411" count="7" type="cond" truecount="1" falsecount="1"/>
        <line num="412" count="0" type="stmt"/>
        <line num="416" count="7" type="stmt"/>
        <line num="419" count="7" type="cond" truecount="1" falsecount="1"/>
        <line num="420" count="0" type="stmt"/>
        <line num="425" count="7" type="stmt"/>
        <line num="426" count="7" type="stmt"/>
        <line num="430" count="1" type="stmt"/>
      </file>
      <file name="generators.js" path="/Users/robert/dev/git/personal/careerpulse/backend/tests/helpers/generators.js">
        <metrics statements="116" coveredstatements="109" conditionals="71" coveredconditionals="54" methods="13" coveredmethods="8"/>
        <line num="9" count="1" type="stmt"/>
        <line num="20" count="1" type="stmt"/>
        <line num="33" count="1" type="stmt"/>
        <line num="45" count="1" type="stmt"/>
        <line num="57" count="1" type="stmt"/>
        <line num="69" count="1" type="stmt"/>
        <line num="75" count="1" type="stmt"/>
        <line num="82" count="1" type="stmt"/>
        <line num="88" count="1" type="stmt"/>
        <line num="107" count="12" type="stmt"/>
        <line num="110" count="12" type="cond" truecount="1" falsecount="1"/>
        <line num="111" count="12" type="cond" truecount="1" falsecount="1"/>
        <line num="112" count="12" type="cond" truecount="1" falsecount="1"/>
        <line num="116" count="12" type="cond" truecount="5" falsecount="0"/>
        <line num="118" count="3" type="stmt"/>
        <line num="119" count="3" type="stmt"/>
        <line num="121" count="2" type="stmt"/>
        <line num="122" count="2" type="stmt"/>
        <line num="124" count="2" type="stmt"/>
        <line num="125" count="2" type="stmt"/>
        <line num="128" count="5" type="stmt"/>
        <line num="129" count="5" type="stmt"/>
        <line num="132" count="12" type="stmt"/>
        <line num="135" count="12" type="stmt"/>
        <line num="136" count="12" type="stmt"/>
        <line num="139" count="12" type="cond" truecount="1" falsecount="1"/>
        <line num="140" count="12" type="stmt"/>
        <line num="141" count="12" type="cond" truecount="1" falsecount="1"/>
        <line num="145" count="12" type="cond" truecount="4" falsecount="0"/>
        <line num="146" count="3" type="stmt"/>
        <line num="147" count="9" type="cond" truecount="2" falsecount="0"/>
        <line num="148" count="2" type="cond" truecount="1" falsecount="1"/>
        <line num="149" count="7" type="cond" truecount="4" falsecount="0"/>
        <line num="150" count="2" type="stmt"/>
        <line num="151" count="5" type="cond" truecount="1" falsecount="1"/>
        <line num="152" count="5" type="stmt"/>
        <line num="154" count="0" type="stmt"/>
        <line num="157" count="12" type="cond" truecount="3" falsecount="1"/>
        <line num="158" count="12" type="stmt"/>
        <line num="162" count="12" type="stmt"/>
        <line num="165" count="12" type="cond" truecount="2" falsecount="0"/>
        <line num="166" count="1" type="stmt"/>
        <line num="167" count="11" type="cond" truecount="1" falsecount="1"/>
        <line num="169" count="0" type="stmt"/>
        <line num="173" count="12" type="stmt"/>
        <line num="174" count="12" type="stmt"/>
        <line num="175" count="12" type="stmt"/>
        <line num="177" count="12" type="stmt"/>
        <line num="194" count="12" type="cond" truecount="1" falsecount="1"/>
        <line num="195" count="12" type="cond" truecount="1" falsecount="1"/>
        <line num="196" count="12" type="cond" truecount="1" falsecount="1"/>
        <line num="198" count="12" type="stmt"/>
        <line num="200" count="12" type="cond" truecount="5" falsecount="0"/>
        <line num="202" count="3" type="stmt"/>
        <line num="210" count="3" type="stmt"/>
        <line num="213" count="2" type="stmt"/>
        <line num="223" count="2" type="stmt"/>
        <line num="226" count="2" type="stmt"/>
        <line num="236" count="2" type="stmt"/>
        <line num="240" count="5" type="stmt"/>
        <line num="250" count="5" type="stmt"/>
        <line num="253" count="12" type="stmt"/>
        <line num="260" count="6" type="stmt"/>
        <line num="261" count="1" type="stmt"/>
        <line num="278" count="2" type="stmt"/>
        <line num="279" count="2" type="stmt"/>
        <line num="281" count="2" type="stmt"/>
        <line num="292" count="2" type="stmt"/>
        <line num="303" count="2" type="stmt"/>
        <line num="304" count="2" type="stmt"/>
        <line num="306" count="2" type="stmt"/>
        <line num="307" count="2" type="stmt"/>
        <line num="308" count="2" type="stmt"/>
        <line num="310" count="2" type="stmt"/>
        <line num="329" count="4" type="stmt"/>
        <line num="330" count="4" type="stmt"/>
        <line num="332" count="4" type="stmt"/>
        <line num="334" count="4" type="cond" truecount="4" falsecount="1"/>
        <line num="336" count="1" type="stmt"/>
        <line num="349" count="1" type="stmt"/>
        <line num="362" count="1" type="stmt"/>
        <line num="386" count="1" type="stmt"/>
        <line num="399" count="0" type="stmt"/>
        <line num="414" count="6" type="stmt"/>
        <line num="416" count="6" type="stmt"/>
        <line num="417" count="6" type="stmt"/>
        <line num="418" count="6" type="stmt"/>
        <line num="419" count="6" type="stmt"/>
        <line num="422" count="6" type="stmt"/>
        <line num="423" count="6" type="stmt"/>
        <line num="424" count="6" type="stmt"/>
        <line num="425" count="6" type="stmt"/>
        <line num="427" count="6" type="stmt"/>
        <line num="430" count="6" type="stmt"/>
        <line num="431" count="6" type="cond" truecount="1" falsecount="1"/>
        <line num="432" count="6" type="cond" truecount="1" falsecount="1"/>
        <line num="433" count="6" type="cond" truecount="1" falsecount="1"/>
        <line num="435" count="6" type="stmt"/>
        <line num="455" count="6" type="cond" truecount="1" falsecount="1"/>
        <line num="456" count="6" type="stmt"/>
        <line num="457" count="6" type="stmt"/>
        <line num="459" count="6" type="stmt"/>
        <line num="460" count="6" type="stmt"/>
        <line num="463" count="6" type="stmt"/>
        <line num="470" count="1" type="stmt"/>
        <line num="476" count="0" type="stmt"/>
        <line num="481" count="1" type="stmt"/>
        <line num="482" count="0" type="stmt"/>
        <line num="484" count="0" type="stmt"/>
        <line num="489" count="1" type="stmt"/>
        <line num="490" count="0" type="stmt"/>
        <line num="495" count="1" type="stmt"/>
        <line num="502" count="2" type="stmt"/>
        <line num="503" count="2" type="stmt"/>
        <line num="506" count="2" type="stmt"/>
        <line num="508" count="2" type="stmt"/>
      </file>
      <file name="mockGmailAPI.js" path="/Users/robert/dev/git/personal/careerpulse/backend/tests/helpers/mockGmailAPI.js">
        <metrics statements="39" coveredstatements="39" conditionals="7" coveredconditionals="7" methods="17" coveredmethods="17"/>
        <line num="16" count="21" type="stmt"/>
        <line num="23" count="22" type="stmt"/>
        <line num="24" count="22" type="stmt"/>
        <line num="25" count="22" type="stmt"/>
        <line num="26" count="22" type="stmt"/>
        <line num="27" count="22" type="stmt"/>
        <line num="52" count="9" type="stmt"/>
        <line num="53" count="9" type="stmt"/>
        <line num="54" count="12" type="stmt"/>
        <line num="62" count="5" type="stmt"/>
        <line num="70" count="3" type="stmt"/>
        <line num="71" count="3" type="stmt"/>
        <line num="72" count="3" type="stmt"/>
        <line num="73" count="3" type="stmt"/>
        <line num="92" count="2" type="stmt"/>
        <line num="100" count="15" type="stmt"/>
        <line num="112" count="14" type="cond" truecount="2" falsecount="0"/>
        <line num="113" count="4" type="stmt"/>
        <line num="122" count="20" type="stmt"/>
        <line num="133" count="6" type="stmt"/>
        <line num="134" count="6" type="stmt"/>
        <line num="136" count="6" type="cond" truecount="1" falsecount="0"/>
        <line num="139" count="6" type="stmt"/>
        <line num="141" count="5" type="stmt"/>
        <line num="146" count="6" type="stmt"/>
        <line num="162" count="4" type="stmt"/>
        <line num="163" count="4" type="stmt"/>
        <line num="165" count="4" type="stmt"/>
        <line num="168" count="4" type="stmt"/>
        <line num="170" count="4" type="cond" truecount="2" falsecount="0"/>
        <line num="171" count="1" type="stmt"/>
        <line num="172" count="1" type="stmt"/>
        <line num="173" count="1" type="stmt"/>
        <line num="176" count="2" type="stmt"/>
        <line num="188" count="4" type="stmt"/>
        <line num="189" count="4" type="stmt"/>
        <line num="191" count="4" type="stmt"/>
        <line num="207" count="1" type="stmt"/>
        <line num="216" count="1" type="stmt"/>
      </file>
      <file name="oauthHelper.js" path="/Users/robert/dev/git/personal/careerpulse/backend/tests/helpers/oauthHelper.js">
        <metrics statements="71" coveredstatements="71" conditionals="45" coveredconditionals="44" methods="17" coveredmethods="17"/>
        <line num="16" count="68" type="stmt"/>
        <line num="17" count="68" type="stmt"/>
        <line num="27" count="6" type="stmt"/>
        <line num="37" count="6" type="stmt"/>
        <line num="67" count="31" type="stmt"/>
        <line num="70" count="31" type="stmt"/>
        <line num="71" count="31" type="cond" truecount="2" falsecount="0"/>
        <line num="72" count="31" type="stmt"/>
        <line num="76" count="31" type="cond" truecount="2" falsecount="0"/>
        <line num="78" count="3" type="stmt"/>
        <line num="81" count="28" type="stmt"/>
        <line num="84" count="31" type="stmt"/>
        <line num="93" count="31" type="cond" truecount="2" falsecount="0"/>
        <line num="94" count="28" type="stmt"/>
        <line num="98" count="31" type="cond" truecount="1" falsecount="1"/>
        <line num="99" count="31" type="stmt"/>
        <line num="102" count="31" type="stmt"/>
        <line num="117" count="14" type="cond" truecount="2" falsecount="0"/>
        <line num="120" count="14" type="stmt"/>
        <line num="123" count="14" type="cond" truecount="2" falsecount="0"/>
        <line num="124" count="3" type="stmt"/>
        <line num="125" count="3" type="stmt"/>
        <line num="126" count="3" type="stmt"/>
        <line num="131" count="3" type="stmt"/>
        <line num="135" count="11" type="cond" truecount="4" falsecount="0"/>
        <line num="136" count="3" type="stmt"/>
        <line num="137" count="3" type="stmt"/>
        <line num="138" count="3" type="stmt"/>
        <line num="142" count="8" type="stmt"/>
        <line num="143" count="8" type="stmt"/>
        <line num="144" count="8" type="stmt"/>
        <line num="146" count="8" type="stmt"/>
        <line num="168" count="9" type="cond" truecount="2" falsecount="0"/>
        <line num="171" count="9" type="stmt"/>
        <line num="174" count="9" type="cond" truecount="2" falsecount="0"/>
        <line num="175" count="2" type="stmt"/>
        <line num="176" count="2" type="stmt"/>
        <line num="177" count="2" type="stmt"/>
        <line num="182" count="2" type="stmt"/>
        <line num="186" count="7" type="cond" truecount="4" falsecount="0"/>
        <line num="187" count="2" type="stmt"/>
        <line num="188" count="2" type="stmt"/>
        <line num="189" count="2" type="stmt"/>
        <line num="193" count="5" type="stmt"/>
        <line num="204" count="6" type="stmt"/>
        <line num="214" count="4" type="stmt"/>
        <line num="225" count="15" type="cond" truecount="4" falsecount="0"/>
        <line num="226" count="4" type="stmt"/>
        <line num="230" count="11" type="cond" truecount="2" falsecount="0"/>
        <line num="231" count="15" type="stmt"/>
        <line num="232" count="15" type="stmt"/>
        <line num="233" count="15" type="stmt"/>
        <line num="235" count="15" type="cond" truecount="4" falsecount="0"/>
        <line num="245" count="10" type="cond" truecount="4" falsecount="0"/>
        <line num="246" count="3" type="stmt"/>
        <line num="249" count="7" type="stmt"/>
        <line num="262" count="39" type="stmt"/>
        <line num="272" count="28" type="stmt"/>
        <line num="282" count="39" type="stmt"/>
        <line num="288" count="39" type="stmt"/>
        <line num="299" count="39" type="stmt"/>
        <line num="301" count="39" type="stmt"/>
        <line num="309" count="161" type="stmt"/>
        <line num="310" count="161" type="stmt"/>
        <line num="311" count="161" type="stmt"/>
        <line num="312" count="10096" type="stmt"/>
        <line num="314" count="161" type="stmt"/>
        <line num="322" count="78" type="stmt"/>
        <line num="323" count="78" type="stmt"/>
        <line num="334" count="23" type="stmt"/>
        <line num="343" count="3" type="stmt"/>
      </file>
      <file name="testSetup.js" path="/Users/robert/dev/git/personal/careerpulse/backend/tests/helpers/testSetup.js">
        <metrics statements="66" coveredstatements="52" conditionals="49" coveredconditionals="33" methods="22" coveredmethods="19"/>
        <line num="7" count="3" type="stmt"/>
        <line num="10" count="3" type="stmt"/>
        <line num="12" count="3" type="stmt"/>
        <line num="13" count="3" type="stmt"/>
        <line num="18" count="60" type="cond" truecount="1" falsecount="1"/>
        <line num="19" count="0" type="stmt"/>
        <line num="20" count="0" type="stmt"/>
        <line num="22" count="60" type="stmt"/>
        <line num="23" count="60" type="cond" truecount="4" falsecount="0"/>
        <line num="25" count="60" type="stmt"/>
        <line num="32" count="57" type="stmt"/>
        <line num="33" count="57" type="stmt"/>
        <line num="34" count="57" type="cond" truecount="1" falsecount="1"/>
        <line num="35" count="0" type="stmt"/>
        <line num="36" count="0" type="stmt"/>
        <line num="39" count="57" type="stmt"/>
        <line num="41" count="57" type="stmt"/>
        <line num="42" count="57" type="stmt"/>
        <line num="45" count="57" type="stmt"/>
        <line num="47" count="684" type="stmt"/>
        <line num="48" count="684" type="stmt"/>
        <line num="50" count="57" type="stmt"/>
        <line num="51" count="627" type="stmt"/>
        <line num="54" count="57" type="stmt"/>
        <line num="56" count="0" type="stmt"/>
        <line num="66" count="15" type="cond" truecount="2" falsecount="0"/>
        <line num="67" count="14" type="stmt"/>
        <line num="68" count="15" type="stmt"/>
        <line num="83" count="15" type="cond" truecount="2" falsecount="0"/>
        <line num="84" count="4" type="stmt"/>
        <line num="85" count="4" type="stmt"/>
        <line num="111" count="15" type="cond" truecount="2" falsecount="0"/>
        <line num="112" count="3" type="stmt"/>
        <line num="113" count="3" type="stmt"/>
        <line num="129" count="15" type="cond" truecount="1" falsecount="1"/>
        <line num="130" count="0" type="stmt"/>
        <line num="131" count="0" type="stmt"/>
        <line num="150" count="4" type="stmt"/>
        <line num="151" count="4" type="stmt"/>
        <line num="152" count="4" type="stmt"/>
        <line num="153" count="4" type="stmt"/>
        <line num="160" count="2" type="stmt"/>
        <line num="167" count="31" type="stmt"/>
        <line num="174" count="669" type="stmt"/>
        <line num="175" count="669" type="stmt"/>
        <line num="176" count="669" type="cond" truecount="2" falsecount="0"/>
        <line num="177" count="1" type="stmt"/>
        <line num="179" count="668" type="stmt"/>
        <line num="189" count="0" type="stmt"/>
        <line num="190" count="0" type="stmt"/>
        <line num="191" count="0" type="cond" truecount="0" falsecount="2"/>
        <line num="192" count="0" type="stmt"/>
        <line num="194" count="0" type="stmt"/>
        <line num="204" count="31" type="stmt"/>
        <line num="205" count="31" type="stmt"/>
        <line num="206" count="30" type="cond" truecount="1" falsecount="1"/>
        <line num="207" count="0" type="stmt"/>
        <line num="209" count="30" type="stmt"/>
        <line num="219" count="60" type="stmt"/>
        <line num="220" count="60" type="cond" truecount="2" falsecount="0"/>
        <line num="221" count="56" type="stmt"/>
        <line num="222" count="56" type="cond" truecount="1" falsecount="1"/>
        <line num="223" count="0" type="stmt"/>
        <line num="225" count="56" type="stmt"/>
        <line num="226" count="56" type="stmt"/>
        <line num="230" count="4" type="stmt"/>
      </file>
    </package>
  </project>
</coverage>
