{"/Users/robert/dev/git/personal/careerpulse/backend/config/gmail.js": {"path":"/Users/robert/dev/git/personal/careerpulse/backend/config/gmail.js","statementMap":{"0":{"start":{"line":8,"column":0},"end":{"line":8,"column":null}},"1":{"start":{"line":11,"column":28},"end":{"line":15,"column":1}},"2":{"start":{"line":18,"column":28},"end":{"line":21,"column":1}},"3":{"start":{"line":27,"column":2},"end":{"line":31,"column":null}},"4":{"start":{"line":38,"column":21},"end":{"line":38,"column":54}},"5":{"start":{"line":39,"column":2},"end":{"line":39,"column":null}},"6":{"start":{"line":46,"column":2},"end":{"line":46,"column":null}},"7":{"start":{"line":53,"column":2},"end":{"line":55,"column":null}},"8":{"start":{"line":57,"column":26},"end":{"line":57,"column":65}},"9":{"start":{"line":58,"column":2},"end":{"line":58,"column":null}},"10":{"start":{"line":65,"column":2},"end":{"line":65,"column":null}}},"fnMap":{"0":{"name":"getAuthUrl","decl":{"start":{"line":26,"column":16},"end":{"line":26,"column":26}},"loc":{"start":{"line":26,"column":29},"end":{"line":32,"column":null}},"line":26},"1":{"name":"getTokensFromCode","decl":{"start":{"line":37,"column":22},"end":{"line":37,"column":39}},"loc":{"start":{"line":37,"column":46},"end":{"line":40,"column":null}},"line":37},"2":{"name":"setCredentials","decl":{"start":{"line":45,"column":16},"end":{"line":45,"column":30}},"loc":{"start":{"line":45,"column":39},"end":{"line":47,"column":null}},"line":45},"3":{"name":"refreshAccessToken","decl":{"start":{"line":52,"column":22},"end":{"line":52,"column":40}},"loc":{"start":{"line":52,"column":55},"end":{"line":59,"column":null}},"line":52},"4":{"name":"getGmailClient","decl":{"start":{"line":64,"column":16},"end":{"line":64,"column":30}},"loc":{"start":{"line":64,"column":33},"end":{"line":66,"column":null}},"line":64}},"branchMap":{},"s":{"0":1,"1":1,"2":1,"3":0,"4":0,"5":0,"6":9,"7":0,"8":0,"9":0,"10":9},"f":{"0":0,"1":0,"2":9,"3":0,"4":9},"b":{},"meta":{"lastBranch":0,"lastFunction":5,"lastStatement":11,"seen":{"s:8:0:8:Infinity":0,"s:11:28:15:1":1,"s:18:28:21:1":2,"f:26:16:26:26":0,"s:27:2:31:Infinity":3,"f:37:22:37:39":1,"s:38:21:38:54":4,"s:39:2:39:Infinity":5,"f:45:16:45:30":2,"s:46:2:46:Infinity":6,"f:52:22:52:40":3,"s:53:2:55:Infinity":7,"s:57:26:57:65":8,"s:58:2:58:Infinity":9,"f:64:16:64:30":4,"s:65:2:65:Infinity":10}}}
,"/Users/robert/dev/git/personal/careerpulse/backend/database/db.js": {"path":"/Users/robert/dev/git/personal/careerpulse/backend/database/db.js","statementMap":{"0":{"start":{"line":2,"column":90},"end":{"line":2,"column":127}},"1":{"start":{"line":3,"column":93},"end":{"line":3,"column":132}},"2":{"start":{"line":4,"column":89},"end":{"line":4,"column":123}},"3":{"start":{"line":4,"column":138},"end":{"line":4,"column":169}},"4":{"start":{"line":5,"column":91},"end":{"line":5,"column":127}},"5":{"start":{"line":7,"column":19},"end":{"line":7,"column":49}},"6":{"start":{"line":8,"column":18},"end":{"line":8,"column":37}},"7":{"start":{"line":10,"column":15},"end":{"line":10,"column":77}},"8":{"start":{"line":11,"column":11},"end":{"line":11,"column":39}},"9":{"start":{"line":14,"column":14},"end":{"line":14,"column":40}},"10":{"start":{"line":15,"column":14},"end":{"line":15,"column":40}},"11":{"start":{"line":16,"column":14},"end":{"line":16,"column":40}},"12":{"start":{"line":19,"column":0},"end":{"line":19,"column":null}},"13":{"start":{"line":25,"column":17},"end":{"line":25,"column":69}},"14":{"start":{"line":27,"column":21},"end":{"line":30,"column":30}},"15":{"start":{"line":29,"column":14},"end":{"line":29,"column":22}},"16":{"start":{"line":30,"column":17},"end":{"line":30,"column":29}},"17":{"start":{"line":32,"column":2},"end":{"line":34,"column":null}},"18":{"start":{"line":33,"column":4},"end":{"line":33,"column":null}},"19":{"start":{"line":35,"column":2},"end":{"line":35,"column":null}},"20":{"start":{"line":42,"column":2},"end":{"line":46,"column":null}},"21":{"start":{"line":53,"column":2},"end":{"line":53,"column":null}},"22":{"start":{"line":60,"column":17},"end":{"line":70,"column":4}},"23":{"start":{"line":73,"column":2},"end":{"line":75,"column":null}},"24":{"start":{"line":74,"column":4},"end":{"line":74,"column":null}},"25":{"start":{"line":77,"column":2},"end":{"line":77,"column":null}},"26":{"start":{"line":84,"column":17},"end":{"line":87,"column":15}},"27":{"start":{"line":85,"column":19},"end":{"line":85,"column":51}},"28":{"start":{"line":86,"column":16},"end":{"line":86,"column":28}},"29":{"start":{"line":89,"column":17},"end":{"line":91,"column":29}},"30":{"start":{"line":90,"column":19},"end":{"line":90,"column":51}},"31":{"start":{"line":91,"column":16},"end":{"line":91,"column":28}},"32":{"start":{"line":93,"column":17},"end":{"line":97,"column":29}},"33":{"start":{"line":100,"column":2},"end":{"line":105,"column":null}},"34":{"start":{"line":101,"column":19},"end":{"line":101,"column":55}},"35":{"start":{"line":102,"column":4},"end":{"line":104,"column":null}},"36":{"start":{"line":103,"column":6},"end":{"line":103,"column":null}},"37":{"start":{"line":107,"column":2},"end":{"line":107,"column":null}},"38":{"start":{"line":114,"column":2},"end":{"line":114,"column":null}},"39":{"start":{"line":121,"column":2},"end":{"line":124,"column":null}},"40":{"start":{"line":131,"column":2},"end":{"line":135,"column":null}},"41":{"start":{"line":143,"column":19},"end":{"line":143,"column":104}},"42":{"start":{"line":145,"column":2},"end":{"line":156,"column":null}},"43":{"start":{"line":146,"column":4},"end":{"line":150,"column":null}},"44":{"start":{"line":152,"column":4},"end":{"line":155,"column":null}},"45":{"start":{"line":163,"column":2},"end":{"line":168,"column":null}},"46":{"start":{"line":164,"column":4},"end":{"line":164,"column":null}},"47":{"start":{"line":167,"column":4},"end":{"line":167,"column":null}},"48":{"start":{"line":175,"column":2},"end":{"line":175,"column":null}},"49":{"start":{"line":182,"column":2},"end":{"line":186,"column":null}},"50":{"start":{"line":197,"column":2},"end":{"line":200,"column":null}},"51":{"start":{"line":207,"column":2},"end":{"line":207,"column":null}},"52":{"start":{"line":214,"column":2},"end":{"line":214,"column":null}},"53":{"start":{"line":221,"column":2},"end":{"line":226,"column":null}},"54":{"start":{"line":222,"column":4},"end":{"line":225,"column":null}},"55":{"start":{"line":223,"column":6},"end":{"line":224,"column":null}},"56":{"start":{"line":223,"column":15},"end":{"line":223,"column":null}},"57":{"start":{"line":224,"column":11},"end":{"line":224,"column":null}},"58":{"start":{"line":230,"column":0},"end":{"line":230,"column":null}}},"fnMap":{"0":{"name":"initializeDatabase","decl":{"start":{"line":24,"column":22},"end":{"line":24,"column":40}},"loc":{"start":{"line":24,"column":43},"end":{"line":36,"column":null}},"line":24},"1":{"name":"(anonymous_1)","decl":{"start":{"line":29,"column":9},"end":{"line":29,"column":10}},"loc":{"start":{"line":29,"column":14},"end":{"line":29,"column":22}},"line":29},"2":{"name":"(anonymous_2)","decl":{"start":{"line":30,"column":12},"end":{"line":30,"column":13}},"loc":{"start":{"line":30,"column":17},"end":{"line":30,"column":29}},"line":30},"3":{"name":"getAllApplications","decl":{"start":{"line":41,"column":22},"end":{"line":41,"column":40}},"loc":{"start":{"line":41,"column":49},"end":{"line":47,"column":null}},"line":41},"4":{"name":"getApplicationById","decl":{"start":{"line":52,"column":22},"end":{"line":52,"column":40}},"loc":{"start":{"line":52,"column":53},"end":{"line":54,"column":null}},"line":52},"5":{"name":"createApplication","decl":{"start":{"line":59,"column":22},"end":{"line":59,"column":39}},"loc":{"start":{"line":59,"column":53},"end":{"line":78,"column":null}},"line":59},"6":{"name":"updateApplication","decl":{"start":{"line":83,"column":22},"end":{"line":83,"column":39}},"loc":{"start":{"line":83,"column":61},"end":{"line":108,"column":null}},"line":83},"7":{"name":"(anonymous_7)","decl":{"start":{"line":85,"column":12},"end":{"line":85,"column":15}},"loc":{"start":{"line":85,"column":19},"end":{"line":85,"column":51}},"line":85},"8":{"name":"(anonymous_8)","decl":{"start":{"line":86,"column":9},"end":{"line":86,"column":12}},"loc":{"start":{"line":86,"column":16},"end":{"line":86,"column":28}},"line":86},"9":{"name":"(anonymous_9)","decl":{"start":{"line":90,"column":12},"end":{"line":90,"column":15}},"loc":{"start":{"line":90,"column":19},"end":{"line":90,"column":51}},"line":90},"10":{"name":"(anonymous_10)","decl":{"start":{"line":91,"column":9},"end":{"line":91,"column":12}},"loc":{"start":{"line":91,"column":16},"end":{"line":91,"column":28}},"line":91},"11":{"name":"deleteApplication","decl":{"start":{"line":113,"column":22},"end":{"line":113,"column":39}},"loc":{"start":{"line":113,"column":52},"end":{"line":115,"column":null}},"line":113},"12":{"name":"addStatusHistory","decl":{"start":{"line":120,"column":22},"end":{"line":120,"column":38}},"loc":{"start":{"line":120,"column":76},"end":{"line":125,"column":null}},"line":120},"13":{"name":"getStatusHistory","decl":{"start":{"line":130,"column":22},"end":{"line":130,"column":38}},"loc":{"start":{"line":130,"column":54},"end":{"line":136,"column":null}},"line":130},"14":{"name":"saveEmailConnection","decl":{"start":{"line":141,"column":22},"end":{"line":141,"column":41}},"loc":{"start":{"line":141,"column":54},"end":{"line":157,"column":null}},"line":141},"15":{"name":"getEmailConnection","decl":{"start":{"line":162,"column":22},"end":{"line":162,"column":40}},"loc":{"start":{"line":162,"column":49},"end":{"line":169,"column":null}},"line":162},"16":{"name":"disconnectEmail","decl":{"start":{"line":174,"column":22},"end":{"line":174,"column":37}},"loc":{"start":{"line":174,"column":46},"end":{"line":176,"column":null}},"line":174},"17":{"name":"findDuplicateApplication","decl":{"start":{"line":181,"column":22},"end":{"line":181,"column":46}},"loc":{"start":{"line":181,"column":83},"end":{"line":187,"column":null}},"line":181},"18":{"name":"createUser","decl":{"start":{"line":196,"column":22},"end":{"line":196,"column":32}},"loc":{"start":{"line":196,"column":39},"end":{"line":201,"column":null}},"line":196},"19":{"name":"getUserByEmail","decl":{"start":{"line":206,"column":22},"end":{"line":206,"column":36}},"loc":{"start":{"line":206,"column":44},"end":{"line":208,"column":null}},"line":206},"20":{"name":"getUserById","decl":{"start":{"line":213,"column":22},"end":{"line":213,"column":33}},"loc":{"start":{"line":213,"column":38},"end":{"line":215,"column":null}},"line":213},"21":{"name":"closeDatabase","decl":{"start":{"line":220,"column":16},"end":{"line":220,"column":29}},"loc":{"start":{"line":220,"column":32},"end":{"line":227,"column":null}},"line":220},"22":{"name":"(anonymous_22)","decl":{"start":{"line":221,"column":21},"end":{"line":221,"column":22}},"loc":{"start":{"line":221,"column":42},"end":{"line":226,"column":3}},"line":221},"23":{"name":"(anonymous_23)","decl":{"start":{"line":222,"column":13},"end":{"line":222,"column":14}},"loc":{"start":{"line":222,"column":22},"end":{"line":225,"column":5}},"line":222}},"branchMap":{"0":{"loc":{"start":{"line":10,"column":15},"end":{"line":10,"column":77}},"type":"binary-expr","locations":[{"start":{"line":10,"column":15},"end":{"line":10,"column":40}},{"start":{"line":10,"column":44},"end":{"line":10,"column":77}}],"line":10},"1":{"loc":{"start":{"line":73,"column":2},"end":{"line":75,"column":null}},"type":"if","locations":[{"start":{"line":73,"column":2},"end":{"line":75,"column":null}},{"start":{},"end":{}}],"line":73},"2":{"loc":{"start":{"line":85,"column":19},"end":{"line":85,"column":51}},"type":"binary-expr","locations":[{"start":{"line":85,"column":19},"end":{"line":85,"column":31}},{"start":{"line":85,"column":35},"end":{"line":85,"column":51}}],"line":85},"3":{"loc":{"start":{"line":90,"column":19},"end":{"line":90,"column":51}},"type":"binary-expr","locations":[{"start":{"line":90,"column":19},"end":{"line":90,"column":31}},{"start":{"line":90,"column":35},"end":{"line":90,"column":51}}],"line":90},"4":{"loc":{"start":{"line":100,"column":2},"end":{"line":105,"column":null}},"type":"if","locations":[{"start":{"line":100,"column":2},"end":{"line":105,"column":null}},{"start":{},"end":{}}],"line":100},"5":{"loc":{"start":{"line":102,"column":4},"end":{"line":104,"column":null}},"type":"if","locations":[{"start":{"line":102,"column":4},"end":{"line":104,"column":null}},{"start":{},"end":{}}],"line":102},"6":{"loc":{"start":{"line":102,"column":8},"end":{"line":102,"column":50}},"type":"binary-expr","locations":[{"start":{"line":102,"column":8},"end":{"line":102,"column":14}},{"start":{"line":102,"column":18},"end":{"line":102,"column":50}}],"line":102},"7":{"loc":{"start":{"line":145,"column":2},"end":{"line":156,"column":null}},"type":"if","locations":[{"start":{"line":145,"column":2},"end":{"line":156,"column":null}},{"start":{"line":151,"column":9},"end":{"line":156,"column":null}}],"line":145},"8":{"loc":{"start":{"line":163,"column":2},"end":{"line":168,"column":null}},"type":"if","locations":[{"start":{"line":163,"column":2},"end":{"line":168,"column":null}},{"start":{"line":165,"column":9},"end":{"line":168,"column":null}}],"line":163},"9":{"loc":{"start":{"line":223,"column":6},"end":{"line":224,"column":null}},"type":"if","locations":[{"start":{"line":223,"column":6},"end":{"line":224,"column":null}},{"start":{"line":224,"column":11},"end":{"line":224,"column":null}}],"line":223}},"s":{"0":2,"1":2,"2":2,"3":2,"4":2,"5":2,"6":2,"7":2,"8":2,"9":2,"10":2,"11":2,"12":2,"13":2,"14":2,"15":24,"16":24,"17":2,"18":22,"19":2,"20":0,"21":0,"22":0,"23":0,"24":0,"25":0,"26":0,"27":0,"28":0,"29":0,"30":0,"31":0,"32":0,"33":0,"34":0,"35":0,"36":0,"37":0,"38":0,"39":0,"40":0,"41":0,"42":0,"43":0,"44":0,"45":10,"46":1,"47":9,"48":0,"49":1,"50":0,"51":0,"52":0,"53":0,"54":0,"55":0,"56":0,"57":0,"58":2},"f":{"0":2,"1":24,"2":24,"3":0,"4":0,"5":0,"6":0,"7":0,"8":0,"9":0,"10":0,"11":0,"12":0,"13":0,"14":0,"15":10,"16":0,"17":1,"18":0,"19":0,"20":0,"21":0,"22":0,"23":0},"b":{"0":[2,1],"1":[0,0],"2":[0,0],"3":[0,0],"4":[0,0],"5":[0,0],"6":[0,0],"7":[0,0],"8":[1,9],"9":[0,0]},"meta":{"lastBranch":10,"lastFunction":24,"lastStatement":59,"seen":{"s:2:90:2:127":0,"s:3:93:3:132":1,"s:4:89:4:123":2,"s:4:138:4:169":3,"s:5:91:5:127":4,"s:7:19:7:49":5,"s:8:18:8:37":6,"s:10:15:10:77":7,"b:10:15:10:40:10:44:10:77":0,"s:11:11:11:39":8,"s:14:14:14:40":9,"s:15:14:15:40":10,"s:16:14:16:40":11,"s:19:0:19:Infinity":12,"f:24:22:24:40":0,"s:25:17:25:69":13,"s:27:21:30:30":14,"f:29:9:29:10":1,"s:29:14:29:22":15,"f:30:12:30:13":2,"s:30:17:30:29":16,"s:32:2:34:Infinity":17,"s:33:4:33:Infinity":18,"s:35:2:35:Infinity":19,"f:41:22:41:40":3,"s:42:2:46:Infinity":20,"f:52:22:52:40":4,"s:53:2:53:Infinity":21,"f:59:22:59:39":5,"s:60:17:70:4":22,"b:73:2:75:Infinity:undefined:undefined:undefined:undefined":1,"s:73:2:75:Infinity":23,"s:74:4:74:Infinity":24,"s:77:2:77:Infinity":25,"f:83:22:83:39":6,"s:84:17:87:15":26,"f:85:12:85:15":7,"s:85:19:85:51":27,"b:85:19:85:31:85:35:85:51":2,"f:86:9:86:12":8,"s:86:16:86:28":28,"s:89:17:91:29":29,"f:90:12:90:15":9,"s:90:19:90:51":30,"b:90:19:90:31:90:35:90:51":3,"f:91:9:91:12":10,"s:91:16:91:28":31,"s:93:17:97:29":32,"b:100:2:105:Infinity:undefined:undefined:undefined:undefined":4,"s:100:2:105:Infinity":33,"s:101:19:101:55":34,"b:102:4:104:Infinity:undefined:undefined:undefined:undefined":5,"s:102:4:104:Infinity":35,"b:102:8:102:14:102:18:102:50":6,"s:103:6:103:Infinity":36,"s:107:2:107:Infinity":37,"f:113:22:113:39":11,"s:114:2:114:Infinity":38,"f:120:22:120:38":12,"s:121:2:124:Infinity":39,"f:130:22:130:38":13,"s:131:2:135:Infinity":40,"f:141:22:141:41":14,"s:143:19:143:104":41,"b:145:2:156:Infinity:151:9:156:Infinity":7,"s:145:2:156:Infinity":42,"s:146:4:150:Infinity":43,"s:152:4:155:Infinity":44,"f:162:22:162:40":15,"b:163:2:168:Infinity:165:9:168:Infinity":8,"s:163:2:168:Infinity":45,"s:164:4:164:Infinity":46,"s:167:4:167:Infinity":47,"f:174:22:174:37":16,"s:175:2:175:Infinity":48,"f:181:22:181:46":17,"s:182:2:186:Infinity":49,"f:196:22:196:32":18,"s:197:2:200:Infinity":50,"f:206:22:206:36":19,"s:207:2:207:Infinity":51,"f:213:22:213:33":20,"s:214:2:214:Infinity":52,"f:220:16:220:29":21,"s:221:2:226:Infinity":53,"f:221:21:221:22":22,"s:222:4:225:Infinity":54,"f:222:13:222:14":23,"b:223:6:224:Infinity:224:11:224:Infinity":9,"s:223:6:224:Infinity":55,"s:223:15:223:Infinity":56,"s:224:11:224:Infinity":57,"s:230:0:230:Infinity":58}}}
,"/Users/robert/dev/git/personal/careerpulse/backend/routes/auth.js": {"path":"/Users/robert/dev/git/personal/careerpulse/backend/routes/auth.js","statementMap":{"0":{"start":{"line":14,"column":15},"end":{"line":14,"column":31}},"1":{"start":{"line":20,"column":0},"end":{"line":28,"column":null}},"2":{"start":{"line":21,"column":2},"end":{"line":27,"column":null}},"3":{"start":{"line":22,"column":19},"end":{"line":22,"column":32}},"4":{"start":{"line":23,"column":4},"end":{"line":23,"column":null}},"5":{"start":{"line":25,"column":4},"end":{"line":25,"column":null}},"6":{"start":{"line":26,"column":4},"end":{"line":26,"column":null}},"7":{"start":{"line":34,"column":0},"end":{"line":91,"column":null}},"8":{"start":{"line":35,"column":2},"end":{"line":90,"column":null}},"9":{"start":{"line":36,"column":21},"end":{"line":36,"column":30}},"10":{"start":{"line":38,"column":4},"end":{"line":40,"column":null}},"11":{"start":{"line":39,"column":6},"end":{"line":39,"column":null}},"12":{"start":{"line":43,"column":19},"end":{"line":43,"column":48}},"13":{"start":{"line":45,"column":4},"end":{"line":47,"column":null}},"14":{"start":{"line":46,"column":6},"end":{"line":46,"column":null}},"15":{"start":{"line":50,"column":22},"end":{"line":50,"column":76}},"16":{"start":{"line":57,"column":4},"end":{"line":63,"column":null}},"17":{"start":{"line":66,"column":4},"end":{"line":78,"column":null}},"18":{"start":{"line":80,"column":4},"end":{"line":80,"column":null}},"19":{"start":{"line":81,"column":4},"end":{"line":89,"column":null}},"20":{"start":{"line":97,"column":0},"end":{"line":151,"column":null}},"21":{"start":{"line":98,"column":2},"end":{"line":150,"column":null}},"22":{"start":{"line":99,"column":23},"end":{"line":99,"column":64}},"23":{"start":{"line":101,"column":4},"end":{"line":106,"column":null}},"24":{"start":{"line":102,"column":6},"end":{"line":105,"column":null}},"25":{"start":{"line":109,"column":16},"end":{"line":109,"column":26}},"26":{"start":{"line":110,"column":22},"end":{"line":110,"column":52}},"27":{"start":{"line":111,"column":22},"end":{"line":111,"column":38}},"28":{"start":{"line":114,"column":4},"end":{"line":141,"column":null}},"29":{"start":{"line":115,"column":6},"end":{"line":140,"column":null}},"30":{"start":{"line":116,"column":26},"end":{"line":116,"column":75}},"31":{"start":{"line":119,"column":8},"end":{"line":125,"column":null}},"32":{"start":{"line":127,"column":8},"end":{"line":130,"column":null}},"33":{"start":{"line":132,"column":8},"end":{"line":132,"column":null}},"34":{"start":{"line":134,"column":8},"end":{"line":134,"column":null}},"35":{"start":{"line":135,"column":8},"end":{"line":139,"column":null}},"36":{"start":{"line":143,"column":4},"end":{"line":146,"column":null}},"37":{"start":{"line":148,"column":4},"end":{"line":148,"column":null}},"38":{"start":{"line":149,"column":4},"end":{"line":149,"column":null}},"39":{"start":{"line":157,"column":0},"end":{"line":169,"column":null}},"40":{"start":{"line":158,"column":2},"end":{"line":168,"column":null}},"41":{"start":{"line":159,"column":4},"end":{"line":159,"column":null}},"42":{"start":{"line":161,"column":4},"end":{"line":164,"column":null}},"43":{"start":{"line":166,"column":4},"end":{"line":166,"column":null}},"44":{"start":{"line":167,"column":4},"end":{"line":167,"column":null}},"45":{"start":{"line":175,"column":0},"end":{"line":202,"column":null}},"46":{"start":{"line":176,"column":2},"end":{"line":201,"column":null}},"47":{"start":{"line":177,"column":23},"end":{"line":177,"column":64}},"48":{"start":{"line":179,"column":4},"end":{"line":181,"column":null}},"49":{"start":{"line":180,"column":6},"end":{"line":180,"column":null}},"50":{"start":{"line":183,"column":22},"end":{"line":183,"column":71}},"51":{"start":{"line":186,"column":4},"end":{"line":192,"column":null}},"52":{"start":{"line":194,"column":4},"end":{"line":197,"column":null}},"53":{"start":{"line":199,"column":4},"end":{"line":199,"column":null}},"54":{"start":{"line":200,"column":4},"end":{"line":200,"column":null}}},"fnMap":{"0":{"name":"(anonymous_0)","decl":{"start":{"line":20,"column":37},"end":{"line":20,"column":38}},"loc":{"start":{"line":20,"column":51},"end":{"line":28,"column":1}},"line":20},"1":{"name":"(anonymous_1)","decl":{"start":{"line":34,"column":30},"end":{"line":34,"column":35}},"loc":{"start":{"line":34,"column":50},"end":{"line":91,"column":1}},"line":34},"2":{"name":"(anonymous_2)","decl":{"start":{"line":97,"column":38},"end":{"line":97,"column":43}},"loc":{"start":{"line":97,"column":58},"end":{"line":151,"column":1}},"line":97},"3":{"name":"(anonymous_3)","decl":{"start":{"line":157,"column":43},"end":{"line":157,"column":48}},"loc":{"start":{"line":157,"column":63},"end":{"line":169,"column":1}},"line":157},"4":{"name":"(anonymous_4)","decl":{"start":{"line":175,"column":40},"end":{"line":175,"column":45}},"loc":{"start":{"line":175,"column":60},"end":{"line":202,"column":1}},"line":175}},"branchMap":{"0":{"loc":{"start":{"line":38,"column":4},"end":{"line":40,"column":null}},"type":"if","locations":[{"start":{"line":38,"column":4},"end":{"line":40,"column":null}},{"start":{},"end":{}}],"line":38},"1":{"loc":{"start":{"line":45,"column":4},"end":{"line":47,"column":null}},"type":"if","locations":[{"start":{"line":45,"column":4},"end":{"line":47,"column":null}},{"start":{},"end":{}}],"line":45},"2":{"loc":{"start":{"line":45,"column":8},"end":{"line":45,"column":53}},"type":"binary-expr","locations":[{"start":{"line":45,"column":8},"end":{"line":45,"column":28}},{"start":{"line":45,"column":32},"end":{"line":45,"column":53}}],"line":45},"3":{"loc":{"start":{"line":50,"column":45},"end":{"line":50,"column":74}},"type":"binary-expr","locations":[{"start":{"line":50,"column":45},"end":{"line":50,"column":63}},{"start":{"line":50,"column":67},"end":{"line":50,"column":74}}],"line":50},"4":{"loc":{"start":{"line":59,"column":13},"end":{"line":59,"column":48}},"type":"binary-expr","locations":[{"start":{"line":59,"column":13},"end":{"line":59,"column":25}},{"start":{"line":59,"column":29},"end":{"line":59,"column":48}}],"line":59},"5":{"loc":{"start":{"line":101,"column":4},"end":{"line":106,"column":null}},"type":"if","locations":[{"start":{"line":101,"column":4},"end":{"line":106,"column":null}},{"start":{},"end":{}}],"line":101},"6":{"loc":{"start":{"line":114,"column":4},"end":{"line":141,"column":null}},"type":"if","locations":[{"start":{"line":114,"column":4},"end":{"line":141,"column":null}},{"start":{},"end":{}}],"line":114},"7":{"loc":{"start":{"line":114,"column":8},"end":{"line":114,"column":44}},"type":"binary-expr","locations":[{"start":{"line":114,"column":8},"end":{"line":114,"column":17}},{"start":{"line":114,"column":21},"end":{"line":114,"column":44}}],"line":114},"8":{"loc":{"start":{"line":179,"column":4},"end":{"line":181,"column":null}},"type":"if","locations":[{"start":{"line":179,"column":4},"end":{"line":181,"column":null}},{"start":{},"end":{}}],"line":179},"9":{"loc":{"start":{"line":179,"column":8},"end":{"line":179,"column":47}},"type":"binary-expr","locations":[{"start":{"line":179,"column":8},"end":{"line":179,"column":19}},{"start":{"line":179,"column":23},"end":{"line":179,"column":47}}],"line":179}},"s":{"0":1,"1":1,"2":3,"3":3,"4":3,"5":1,"6":1,"7":1,"8":5,"9":5,"10":5,"11":1,"12":4,"13":3,"14":1,"15":2,"16":5,"17":2,"18":1,"19":1,"20":1,"21":4,"22":4,"23":4,"24":1,"25":3,"26":3,"27":3,"28":3,"29":2,"30":2,"31":1,"32":1,"33":1,"34":1,"35":1,"36":1,"37":0,"38":0,"39":1,"40":2,"41":2,"42":1,"43":1,"44":1,"45":1,"46":2,"47":2,"48":2,"49":1,"50":1,"51":1,"52":1,"53":0,"54":0},"f":{"0":3,"1":5,"2":4,"3":2,"4":2},"b":{"0":[1,4],"1":[1,2],"2":[3,3],"3":[2,0],"4":[5,1],"5":[1,3],"6":[2,1],"7":[3,2],"8":[1,1],"9":[2,1]},"meta":{"lastBranch":10,"lastFunction":5,"lastStatement":55,"seen":{"s:14:15:14:31":0,"s:20:0:28:Infinity":1,"f:20:37:20:38":0,"s:21:2:27:Infinity":2,"s:22:19:22:32":3,"s:23:4:23:Infinity":4,"s:25:4:25:Infinity":5,"s:26:4:26:Infinity":6,"s:34:0:91:Infinity":7,"f:34:30:34:35":1,"s:35:2:90:Infinity":8,"s:36:21:36:30":9,"b:38:4:40:Infinity:undefined:undefined:undefined:undefined":0,"s:38:4:40:Infinity":10,"s:39:6:39:Infinity":11,"s:43:19:43:48":12,"b:45:4:47:Infinity:undefined:undefined:undefined:undefined":1,"s:45:4:47:Infinity":13,"b:45:8:45:28:45:32:45:53":2,"s:46:6:46:Infinity":14,"s:50:22:50:76":15,"b:50:45:50:63:50:67:50:74":3,"s:57:4:63:Infinity":16,"b:59:13:59:25:59:29:59:48":4,"s:66:4:78:Infinity":17,"s:80:4:80:Infinity":18,"s:81:4:89:Infinity":19,"s:97:0:151:Infinity":20,"f:97:38:97:43":2,"s:98:2:150:Infinity":21,"s:99:23:99:64":22,"b:101:4:106:Infinity:undefined:undefined:undefined:undefined":5,"s:101:4:106:Infinity":23,"s:102:6:105:Infinity":24,"s:109:16:109:26":25,"s:110:22:110:52":26,"s:111:22:111:38":27,"b:114:4:141:Infinity:undefined:undefined:undefined:undefined":6,"s:114:4:141:Infinity":28,"b:114:8:114:17:114:21:114:44":7,"s:115:6:140:Infinity":29,"s:116:26:116:75":30,"s:119:8:125:Infinity":31,"s:127:8:130:Infinity":32,"s:132:8:132:Infinity":33,"s:134:8:134:Infinity":34,"s:135:8:139:Infinity":35,"s:143:4:146:Infinity":36,"s:148:4:148:Infinity":37,"s:149:4:149:Infinity":38,"s:157:0:169:Infinity":39,"f:157:43:157:48":3,"s:158:2:168:Infinity":40,"s:159:4:159:Infinity":41,"s:161:4:164:Infinity":42,"s:166:4:166:Infinity":43,"s:167:4:167:Infinity":44,"s:175:0:202:Infinity":45,"f:175:40:175:45":4,"s:176:2:201:Infinity":46,"s:177:23:177:64":47,"b:179:4:181:Infinity:undefined:undefined:undefined:undefined":8,"s:179:4:181:Infinity":48,"b:179:8:179:19:179:23:179:47":9,"s:180:6:180:Infinity":49,"s:183:22:183:71":50,"s:186:4:192:Infinity":51,"s:194:4:197:Infinity":52,"s:199:4:199:Infinity":53,"s:200:4:200:Infinity":54}}}
,"/Users/robert/dev/git/personal/careerpulse/backend/routes/email.js": {"path":"/Users/robert/dev/git/personal/careerpulse/backend/routes/email.js","statementMap":{"0":{"start":{"line":8,"column":15},"end":{"line":8,"column":31}},"1":{"start":{"line":11,"column":0},"end":{"line":11,"column":null}},"2":{"start":{"line":17,"column":0},"end":{"line":101,"column":null}},"3":{"start":{"line":18,"column":2},"end":{"line":100,"column":null}},"4":{"start":{"line":19,"column":51},"end":{"line":19,"column":59}},"5":{"start":{"line":21,"column":4},"end":{"line":21,"column":null}},"6":{"start":{"line":24,"column":19},"end":{"line":24,"column":66}},"7":{"start":{"line":25,"column":4},"end":{"line":25,"column":null}},"8":{"start":{"line":27,"column":20},"end":{"line":34,"column":5}},"9":{"start":{"line":37,"column":4},"end":{"line":77,"column":null}},"10":{"start":{"line":38,"column":6},"end":{"line":76,"column":null}},"11":{"start":{"line":40,"column":27},"end":{"line":40,"column":45}},"12":{"start":{"line":42,"column":8},"end":{"line":45,"column":null}},"13":{"start":{"line":44,"column":10},"end":{"line":44,"column":null}},"14":{"start":{"line":47,"column":8},"end":{"line":47,"column":null}},"15":{"start":{"line":50,"column":8},"end":{"line":50,"column":null}},"16":{"start":{"line":53,"column":31},"end":{"line":53,"column":64}},"17":{"start":{"line":55,"column":8},"end":{"line":59,"column":null}},"18":{"start":{"line":56,"column":10},"end":{"line":56,"column":null}},"19":{"start":{"line":57,"column":10},"end":{"line":57,"column":null}},"20":{"start":{"line":58,"column":10},"end":{"line":58,"column":null}},"21":{"start":{"line":62,"column":8},"end":{"line":62,"column":null}},"22":{"start":{"line":64,"column":8},"end":{"line":64,"column":null}},"23":{"start":{"line":65,"column":8},"end":{"line":65,"column":null}},"24":{"start":{"line":66,"column":8},"end":{"line":71,"column":null}},"25":{"start":{"line":74,"column":8},"end":{"line":74,"column":null}},"26":{"start":{"line":75,"column":8},"end":{"line":75,"column":null}},"27":{"start":{"line":79,"column":4},"end":{"line":79,"column":null}},"28":{"start":{"line":81,"column":4},"end":{"line":84,"column":null}},"29":{"start":{"line":87,"column":4},"end":{"line":87,"column":null}},"30":{"start":{"line":89,"column":4},"end":{"line":94,"column":null}},"31":{"start":{"line":90,"column":6},"end":{"line":93,"column":null}},"32":{"start":{"line":96,"column":4},"end":{"line":99,"column":null}},"33":{"start":{"line":107,"column":0},"end":{"line":125,"column":null}},"34":{"start":{"line":108,"column":2},"end":{"line":124,"column":null}},"35":{"start":{"line":109,"column":20},"end":{"line":109,"column":43}},"36":{"start":{"line":110,"column":4},"end":{"line":110,"column":null}},"37":{"start":{"line":112,"column":4},"end":{"line":112,"column":null}},"38":{"start":{"line":114,"column":4},"end":{"line":118,"column":null}},"39":{"start":{"line":115,"column":6},"end":{"line":117,"column":null}},"40":{"start":{"line":120,"column":4},"end":{"line":123,"column":null}},"41":{"start":{"line":131,"column":0},"end":{"line":153,"column":null}},"42":{"start":{"line":132,"column":2},"end":{"line":152,"column":null}},"43":{"start":{"line":134,"column":35},"end":{"line":134,"column":66}},"44":{"start":{"line":135,"column":23},"end":{"line":135,"column":49}},"45":{"start":{"line":137,"column":4},"end":{"line":142,"column":null}},"46":{"start":{"line":138,"column":6},"end":{"line":141,"column":null}},"47":{"start":{"line":144,"column":4},"end":{"line":148,"column":null}},"48":{"start":{"line":150,"column":4},"end":{"line":150,"column":null}},"49":{"start":{"line":151,"column":4},"end":{"line":151,"column":null}}},"fnMap":{"0":{"name":"(anonymous_0)","decl":{"start":{"line":17,"column":21},"end":{"line":17,"column":26}},"loc":{"start":{"line":17,"column":41},"end":{"line":101,"column":1}},"line":17},"1":{"name":"(anonymous_1)","decl":{"start":{"line":107,"column":23},"end":{"line":107,"column":28}},"loc":{"start":{"line":107,"column":43},"end":{"line":125,"column":1}},"line":107},"2":{"name":"(anonymous_2)","decl":{"start":{"line":131,"column":22},"end":{"line":131,"column":27}},"loc":{"start":{"line":131,"column":42},"end":{"line":153,"column":1}},"line":131}},"branchMap":{"0":{"loc":{"start":{"line":19,"column":12},"end":{"line":19,"column":28}},"type":"default-arg","locations":[{"start":{"line":19,"column":25},"end":{"line":19,"column":28}}],"line":19},"1":{"loc":{"start":{"line":19,"column":30},"end":{"line":19,"column":46}},"type":"default-arg","locations":[{"start":{"line":19,"column":42},"end":{"line":19,"column":46}}],"line":19},"2":{"loc":{"start":{"line":42,"column":8},"end":{"line":45,"column":null}},"type":"if","locations":[{"start":{"line":42,"column":8},"end":{"line":45,"column":null}},{"start":{},"end":{}}],"line":42},"3":{"loc":{"start":{"line":55,"column":8},"end":{"line":59,"column":null}},"type":"if","locations":[{"start":{"line":55,"column":8},"end":{"line":59,"column":null}},{"start":{},"end":{}}],"line":55},"4":{"loc":{"start":{"line":89,"column":4},"end":{"line":94,"column":null}},"type":"if","locations":[{"start":{"line":89,"column":4},"end":{"line":94,"column":null}},{"start":{},"end":{}}],"line":89},"5":{"loc":{"start":{"line":114,"column":4},"end":{"line":118,"column":null}},"type":"if","locations":[{"start":{"line":114,"column":4},"end":{"line":118,"column":null}},{"start":{},"end":{}}],"line":114},"6":{"loc":{"start":{"line":137,"column":4},"end":{"line":142,"column":null}},"type":"if","locations":[{"start":{"line":137,"column":4},"end":{"line":142,"column":null}},{"start":{},"end":{}}],"line":137},"7":{"loc":{"start":{"line":147,"column":16},"end":{"line":147,"column":null}},"type":"binary-expr","locations":[{"start":{"line":147,"column":16},"end":{"line":147,"column":37}},{"start":{"line":147,"column":41},"end":{"line":147,"column":null}}],"line":147}},"s":{"0":1,"1":1,"2":1,"3":5,"4":5,"5":5,"6":5,"7":4,"8":4,"9":4,"10":4,"11":4,"12":4,"13":0,"14":2,"15":2,"16":2,"17":2,"18":1,"19":1,"20":1,"21":1,"22":1,"23":1,"24":1,"25":2,"26":2,"27":4,"28":4,"29":1,"30":1,"31":1,"32":0,"33":1,"34":2,"35":2,"36":1,"37":1,"38":1,"39":1,"40":0,"41":1,"42":2,"43":2,"44":2,"45":2,"46":1,"47":1,"48":0,"49":0},"f":{"0":5,"1":2,"2":2},"b":{"0":[5],"1":[5],"2":[0,4],"3":[1,1],"4":[1,0],"5":[1,0],"6":[1,1],"7":[1,0]},"meta":{"lastBranch":8,"lastFunction":3,"lastStatement":50,"seen":{"s:8:15:8:31":0,"s:11:0:11:Infinity":1,"s:17:0:101:Infinity":2,"f:17:21:17:26":0,"s:18:2:100:Infinity":3,"s:19:51:19:59":4,"b:19:25:19:28":0,"b:19:42:19:46":1,"s:21:4:21:Infinity":5,"s:24:19:24:66":6,"s:25:4:25:Infinity":7,"s:27:20:34:5":8,"s:37:4:77:Infinity":9,"s:38:6:76:Infinity":10,"s:40:27:40:45":11,"b:42:8:45:Infinity:undefined:undefined:undefined:undefined":2,"s:42:8:45:Infinity":12,"s:44:10:44:Infinity":13,"s:47:8:47:Infinity":14,"s:50:8:50:Infinity":15,"s:53:31:53:64":16,"b:55:8:59:Infinity:undefined:undefined:undefined:undefined":3,"s:55:8:59:Infinity":17,"s:56:10:56:Infinity":18,"s:57:10:57:Infinity":19,"s:58:10:58:Infinity":20,"s:62:8:62:Infinity":21,"s:64:8:64:Infinity":22,"s:65:8:65:Infinity":23,"s:66:8:71:Infinity":24,"s:74:8:74:Infinity":25,"s:75:8:75:Infinity":26,"s:79:4:79:Infinity":27,"s:81:4:84:Infinity":28,"s:87:4:87:Infinity":29,"b:89:4:94:Infinity:undefined:undefined:undefined:undefined":4,"s:89:4:94:Infinity":30,"s:90:6:93:Infinity":31,"s:96:4:99:Infinity":32,"s:107:0:125:Infinity":33,"f:107:23:107:28":1,"s:108:2:124:Infinity":34,"s:109:20:109:43":35,"s:110:4:110:Infinity":36,"s:112:4:112:Infinity":37,"b:114:4:118:Infinity:undefined:undefined:undefined:undefined":5,"s:114:4:118:Infinity":38,"s:115:6:117:Infinity":39,"s:120:4:123:Infinity":40,"s:131:0:153:Infinity":41,"f:131:22:131:27":2,"s:132:2:152:Infinity":42,"s:134:35:134:66":43,"s:135:23:135:49":44,"b:137:4:142:Infinity:undefined:undefined:undefined:undefined":6,"s:137:4:142:Infinity":45,"s:138:6:141:Infinity":46,"s:144:4:148:Infinity":47,"b:147:16:147:37:147:41:147:Infinity":7,"s:150:4:150:Infinity":48,"s:151:4:151:Infinity":49}}}
,"/Users/robert/dev/git/personal/careerpulse/backend/services/duplicateDetector.js": {"path":"/Users/robert/dev/git/personal/careerpulse/backend/services/duplicateDetector.js","statementMap":{"0":{"start":{"line":12,"column":2},"end":{"line":12,"column":null}},"1":{"start":{"line":12,"column":22},"end":{"line":12,"column":null}},"2":{"start":{"line":14,"column":13},"end":{"line":14,"column":38}},"3":{"start":{"line":15,"column":13},"end":{"line":15,"column":38}},"4":{"start":{"line":18,"column":2},"end":{"line":18,"column":null}},"5":{"start":{"line":18,"column":17},"end":{"line":18,"column":null}},"6":{"start":{"line":21,"column":2},"end":{"line":21,"column":null}},"7":{"start":{"line":21,"column":42},"end":{"line":21,"column":null}},"8":{"start":{"line":24,"column":17},"end":{"line":24,"column":32}},"9":{"start":{"line":25,"column":17},"end":{"line":25,"column":32}},"10":{"start":{"line":27,"column":22},"end":{"line":27,"column":66}},"11":{"start":{"line":27,"column":44},"end":{"line":27,"column":65}},"12":{"start":{"line":28,"column":21},"end":{"line":28,"column":79}},"13":{"start":{"line":30,"column":2},"end":{"line":30,"column":null}},"14":{"start":{"line":37,"column":2},"end":{"line":42,"column":null}},"15":{"start":{"line":38,"column":17},"end":{"line":38,"column":34}},"16":{"start":{"line":39,"column":4},"end":{"line":39,"column":null}},"17":{"start":{"line":41,"column":4},"end":{"line":41,"column":null}},"18":{"start":{"line":50,"column":49},"end":{"line":50,"column":60}},"19":{"start":{"line":53,"column":21},"end":{"line":53,"column":87}},"20":{"start":{"line":55,"column":2},"end":{"line":62,"column":null}},"21":{"start":{"line":56,"column":4},"end":{"line":61,"column":null}},"22":{"start":{"line":70,"column":2},"end":{"line":75,"column":null}},"23":{"start":{"line":84,"column":2},"end":{"line":84,"column":null}}},"fnMap":{"0":{"name":"stringSimilarity","decl":{"start":{"line":11,"column":9},"end":{"line":11,"column":25}},"loc":{"start":{"line":11,"column":38},"end":{"line":31,"column":null}},"line":11},"1":{"name":"(anonymous_1)","decl":{"start":{"line":27,"column":36},"end":{"line":27,"column":40}},"loc":{"start":{"line":27,"column":44},"end":{"line":27,"column":65}},"line":27},"2":{"name":"normalizeDate","decl":{"start":{"line":36,"column":9},"end":{"line":36,"column":22}},"loc":{"start":{"line":36,"column":32},"end":{"line":43,"column":null}},"line":36},"3":{"name":"checkDuplicate","decl":{"start":{"line":49,"column":22},"end":{"line":49,"column":36}},"loc":{"start":{"line":49,"column":50},"end":{"line":76,"column":null}},"line":49},"4":{"name":"findSimilarApplications","decl":{"start":{"line":81,"column":22},"end":{"line":81,"column":45}},"loc":{"start":{"line":81,"column":76},"end":{"line":85,"column":null}},"line":81}},"branchMap":{"0":{"loc":{"start":{"line":12,"column":2},"end":{"line":12,"column":null}},"type":"if","locations":[{"start":{"line":12,"column":2},"end":{"line":12,"column":null}},{"start":{},"end":{}}],"line":12},"1":{"loc":{"start":{"line":12,"column":6},"end":{"line":12,"column":20}},"type":"binary-expr","locations":[{"start":{"line":12,"column":6},"end":{"line":12,"column":11}},{"start":{"line":12,"column":15},"end":{"line":12,"column":20}}],"line":12},"2":{"loc":{"start":{"line":18,"column":2},"end":{"line":18,"column":null}},"type":"if","locations":[{"start":{"line":18,"column":2},"end":{"line":18,"column":null}},{"start":{},"end":{}}],"line":18},"3":{"loc":{"start":{"line":21,"column":2},"end":{"line":21,"column":null}},"type":"if","locations":[{"start":{"line":21,"column":2},"end":{"line":21,"column":null}},{"start":{},"end":{}}],"line":21},"4":{"loc":{"start":{"line":21,"column":6},"end":{"line":21,"column":40}},"type":"binary-expr","locations":[{"start":{"line":21,"column":6},"end":{"line":21,"column":21}},{"start":{"line":21,"column":25},"end":{"line":21,"column":40}}],"line":21},"5":{"loc":{"start":{"line":55,"column":2},"end":{"line":62,"column":null}},"type":"if","locations":[{"start":{"line":55,"column":2},"end":{"line":62,"column":null}},{"start":{},"end":{}}],"line":55},"6":{"loc":{"start":{"line":81,"column":59},"end":{"line":81,"column":74}},"type":"default-arg","locations":[{"start":{"line":81,"column":71},"end":{"line":81,"column":74}}],"line":81}},"s":{"0":0,"1":0,"2":0,"3":0,"4":0,"5":0,"6":0,"7":0,"8":0,"9":0,"10":0,"11":0,"12":0,"13":0,"14":0,"15":0,"16":0,"17":0,"18":1,"19":1,"20":1,"21":0,"22":1,"23":0},"f":{"0":0,"1":0,"2":0,"3":1,"4":0},"b":{"0":[0,0],"1":[0,0],"2":[0,0],"3":[0,0],"4":[0,0],"5":[0,1],"6":[0]},"meta":{"lastBranch":7,"lastFunction":5,"lastStatement":24,"seen":{"f:11:9:11:25":0,"b:12:2:12:Infinity:undefined:undefined:undefined:undefined":0,"s:12:2:12:Infinity":0,"b:12:6:12:11:12:15:12:20":1,"s:12:22:12:Infinity":1,"s:14:13:14:38":2,"s:15:13:15:38":3,"b:18:2:18:Infinity:undefined:undefined:undefined:undefined":2,"s:18:2:18:Infinity":4,"s:18:17:18:Infinity":5,"b:21:2:21:Infinity:undefined:undefined:undefined:undefined":3,"s:21:2:21:Infinity":6,"b:21:6:21:21:21:25:21:40":4,"s:21:42:21:Infinity":7,"s:24:17:24:32":8,"s:25:17:25:32":9,"s:27:22:27:66":10,"f:27:36:27:40":1,"s:27:44:27:65":11,"s:28:21:28:79":12,"s:30:2:30:Infinity":13,"f:36:9:36:22":2,"s:37:2:42:Infinity":14,"s:38:17:38:34":15,"s:39:4:39:Infinity":16,"s:41:4:41:Infinity":17,"f:49:22:49:36":3,"s:50:49:50:60":18,"s:53:21:53:87":19,"b:55:2:62:Infinity:undefined:undefined:undefined:undefined":5,"s:55:2:62:Infinity":20,"s:56:4:61:Infinity":21,"s:70:2:75:Infinity":22,"f:81:22:81:45":4,"b:81:71:81:74":6,"s:84:2:84:Infinity":23}}}
,"/Users/robert/dev/git/personal/careerpulse/backend/services/emailParser.js": {"path":"/Users/robert/dev/git/personal/careerpulse/backend/services/emailParser.js","statementMap":{"0":{"start":{"line":7,"column":29},"end":{"line":16,"column":1}},"1":{"start":{"line":18,"column":27},"end":{"line":29,"column":1}},"2":{"start":{"line":31,"column":27},"end":{"line":41,"column":1}},"3":{"start":{"line":43,"column":23},"end":{"line":52,"column":1}},"4":{"start":{"line":58,"column":15},"end":{"line":58,"column":49}},"5":{"start":{"line":60,"column":22},"end":{"line":65,"column":3}},"6":{"start":{"line":67,"column":2},"end":{"line":67,"column":null}},"7":{"start":{"line":67,"column":37},"end":{"line":67,"column":59}},"8":{"start":{"line":74,"column":15},"end":{"line":74,"column":49}},"9":{"start":{"line":77,"column":2},"end":{"line":79,"column":null}},"10":{"start":{"line":77,"column":37},"end":{"line":77,"column":59}},"11":{"start":{"line":78,"column":4},"end":{"line":78,"column":null}},"12":{"start":{"line":81,"column":2},"end":{"line":83,"column":null}},"13":{"start":{"line":81,"column":41},"end":{"line":81,"column":63}},"14":{"start":{"line":82,"column":4},"end":{"line":82,"column":null}},"15":{"start":{"line":85,"column":2},"end":{"line":87,"column":null}},"16":{"start":{"line":85,"column":41},"end":{"line":85,"column":63}},"17":{"start":{"line":86,"column":4},"end":{"line":86,"column":null}},"18":{"start":{"line":89,"column":2},"end":{"line":91,"column":null}},"19":{"start":{"line":89,"column":43},"end":{"line":89,"column":65}},"20":{"start":{"line":90,"column":4},"end":{"line":90,"column":null}},"21":{"start":{"line":93,"column":2},"end":{"line":93,"column":19}},"22":{"start":{"line":104,"column":21},"end":{"line":104,"column":45}},"23":{"start":{"line":105,"column":2},"end":{"line":112,"column":null}},"24":{"start":{"line":106,"column":19},"end":{"line":106,"column":32}},"25":{"start":{"line":108,"column":24},"end":{"line":108,"column":161}},"26":{"start":{"line":109,"column":4},"end":{"line":111,"column":null}},"27":{"start":{"line":110,"column":6},"end":{"line":110,"column":null}},"28":{"start":{"line":115,"column":18},"end":{"line":115,"column":57}},"29":{"start":{"line":116,"column":2},"end":{"line":118,"column":null}},"30":{"start":{"line":117,"column":4},"end":{"line":117,"column":null}},"31":{"start":{"line":121,"column":26},"end":{"line":124,"column":3}},"32":{"start":{"line":126,"column":2},"end":{"line":131,"column":null}},"33":{"start":{"line":127,"column":18},"end":{"line":127,"column":37}},"34":{"start":{"line":128,"column":4},"end":{"line":130,"column":null}},"35":{"start":{"line":129,"column":6},"end":{"line":129,"column":null}},"36":{"start":{"line":134,"column":20},"end":{"line":134,"column":43}},"37":{"start":{"line":135,"column":2},"end":{"line":137,"column":null}},"38":{"start":{"line":136,"column":4},"end":{"line":136,"column":null}},"39":{"start":{"line":139,"column":2},"end":{"line":139,"column":null}},"40":{"start":{"line":147,"column":19},"end":{"line":153,"column":3}},"41":{"start":{"line":155,"column":2},"end":{"line":164,"column":null}},"42":{"start":{"line":156,"column":18},"end":{"line":156,"column":40}},"43":{"start":{"line":157,"column":4},"end":{"line":163,"column":null}},"44":{"start":{"line":158,"column":20},"end":{"line":158,"column":43}},"45":{"start":{"line":160,"column":6},"end":{"line":162,"column":null}},"46":{"start":{"line":161,"column":8},"end":{"line":161,"column":null}},"47":{"start":{"line":167,"column":23},"end":{"line":172,"column":3}},"48":{"start":{"line":174,"column":2},"end":{"line":179,"column":null}},"49":{"start":{"line":175,"column":18},"end":{"line":175,"column":37}},"50":{"start":{"line":176,"column":4},"end":{"line":178,"column":null}},"51":{"start":{"line":177,"column":6},"end":{"line":177,"column":null}},"52":{"start":{"line":181,"column":2},"end":{"line":181,"column":null}},"53":{"start":{"line":189,"column":19},"end":{"line":193,"column":3}},"54":{"start":{"line":195,"column":2},"end":{"line":201,"column":null}},"55":{"start":{"line":196,"column":18},"end":{"line":196,"column":37}},"56":{"start":{"line":197,"column":4},"end":{"line":200,"column":null}},"57":{"start":{"line":198,"column":23},"end":{"line":198,"column":43}},"58":{"start":{"line":199,"column":6},"end":{"line":199,"column":null}},"59":{"start":{"line":203,"column":2},"end":{"line":203,"column":null}},"60":{"start":{"line":211,"column":14},"end":{"line":211,"column":15}},"61":{"start":{"line":214,"column":2},"end":{"line":216,"column":null}},"62":{"start":{"line":215,"column":4},"end":{"line":215,"column":null}},"63":{"start":{"line":219,"column":2},"end":{"line":221,"column":null}},"64":{"start":{"line":220,"column":4},"end":{"line":220,"column":null}},"65":{"start":{"line":224,"column":2},"end":{"line":226,"column":null}},"66":{"start":{"line":225,"column":4},"end":{"line":225,"column":null}},"67":{"start":{"line":228,"column":2},"end":{"line":228,"column":null}},"68":{"start":{"line":235,"column":44},"end":{"line":235,"column":49}},"69":{"start":{"line":238,"column":2},"end":{"line":240,"column":null}},"70":{"start":{"line":239,"column":4},"end":{"line":239,"column":null}},"71":{"start":{"line":243,"column":18},"end":{"line":243,"column":53}},"72":{"start":{"line":244,"column":15},"end":{"line":244,"column":45}},"73":{"start":{"line":245,"column":19},"end":{"line":245,"column":40}},"74":{"start":{"line":246,"column":17},"end":{"line":246,"column":44}},"75":{"start":{"line":247,"column":26},"end":{"line":247,"column":68}},"76":{"start":{"line":250,"column":22},"end":{"line":250,"column":38}},"77":{"start":{"line":251,"column":14},"end":{"line":251,"column":38}},"78":{"start":{"line":253,"column":2},"end":{"line":269,"column":null}},"79":{"start":{"line":276,"column":2},"end":{"line":276,"column":null}},"80":{"start":{"line":276,"column":12},"end":{"line":276,"column":null}},"81":{"start":{"line":277,"column":2},"end":{"line":277,"column":null}},"82":{"start":{"line":284,"column":2},"end":{"line":287,"column":null}},"83":{"start":{"line":294,"column":15},"end":{"line":294,"column":35}},"84":{"start":{"line":295,"column":2},"end":{"line":295,"column":null}}},"fnMap":{"0":{"name":"isJobEmail","decl":{"start":{"line":57,"column":16},"end":{"line":57,"column":26}},"loc":{"start":{"line":57,"column":42},"end":{"line":68,"column":null}},"line":57},"1":{"name":"(anonymous_1)","decl":{"start":{"line":67,"column":26},"end":{"line":67,"column":33}},"loc":{"start":{"line":67,"column":37},"end":{"line":67,"column":59}},"line":67},"2":{"name":"detectStatus","decl":{"start":{"line":73,"column":16},"end":{"line":73,"column":28}},"loc":{"start":{"line":73,"column":44},"end":{"line":94,"column":null}},"line":73},"3":{"name":"(anonymous_3)","decl":{"start":{"line":77,"column":26},"end":{"line":77,"column":33}},"loc":{"start":{"line":77,"column":37},"end":{"line":77,"column":59}},"line":77},"4":{"name":"(anonymous_4)","decl":{"start":{"line":81,"column":30},"end":{"line":81,"column":37}},"loc":{"start":{"line":81,"column":41},"end":{"line":81,"column":63}},"line":81},"5":{"name":"(anonymous_5)","decl":{"start":{"line":85,"column":30},"end":{"line":85,"column":37}},"loc":{"start":{"line":85,"column":41},"end":{"line":85,"column":63}},"line":85},"6":{"name":"(anonymous_6)","decl":{"start":{"line":89,"column":32},"end":{"line":89,"column":39}},"loc":{"start":{"line":89,"column":43},"end":{"line":89,"column":65}},"line":89},"7":{"name":"extractCompany","decl":{"start":{"line":102,"column":16},"end":{"line":102,"column":30}},"loc":{"start":{"line":102,"column":52},"end":{"line":140,"column":null}},"line":102},"8":{"name":"extractJobTitle","decl":{"start":{"line":145,"column":16},"end":{"line":145,"column":31}},"loc":{"start":{"line":145,"column":47},"end":{"line":182,"column":null}},"line":145},"9":{"name":"extractLocation","decl":{"start":{"line":187,"column":16},"end":{"line":187,"column":31}},"loc":{"start":{"line":187,"column":38},"end":{"line":204,"column":null}},"line":187},"10":{"name":"calculateConfidence","decl":{"start":{"line":210,"column":16},"end":{"line":210,"column":35}},"loc":{"start":{"line":210,"column":59},"end":{"line":229,"column":null}},"line":210},"11":{"name":"parseEmail","decl":{"start":{"line":234,"column":16},"end":{"line":234,"column":26}},"loc":{"start":{"line":234,"column":34},"end":{"line":270,"column":null}},"line":234},"12":{"name":"capitalize","decl":{"start":{"line":275,"column":9},"end":{"line":275,"column":19}},"loc":{"start":{"line":275,"column":25},"end":{"line":278,"column":null}},"line":275},"13":{"name":"cleanJobTitle","decl":{"start":{"line":283,"column":9},"end":{"line":283,"column":22}},"loc":{"start":{"line":283,"column":30},"end":{"line":288,"column":null}},"line":283},"14":{"name":"formatDate","decl":{"start":{"line":293,"column":9},"end":{"line":293,"column":19}},"loc":{"start":{"line":293,"column":32},"end":{"line":296,"column":null}},"line":293}},"branchMap":{"0":{"loc":{"start":{"line":77,"column":2},"end":{"line":79,"column":null}},"type":"if","locations":[{"start":{"line":77,"column":2},"end":{"line":79,"column":null}},{"start":{},"end":{}}],"line":77},"1":{"loc":{"start":{"line":81,"column":2},"end":{"line":83,"column":null}},"type":"if","locations":[{"start":{"line":81,"column":2},"end":{"line":83,"column":null}},{"start":{},"end":{}}],"line":81},"2":{"loc":{"start":{"line":85,"column":2},"end":{"line":87,"column":null}},"type":"if","locations":[{"start":{"line":85,"column":2},"end":{"line":87,"column":null}},{"start":{},"end":{}}],"line":85},"3":{"loc":{"start":{"line":89,"column":2},"end":{"line":91,"column":null}},"type":"if","locations":[{"start":{"line":89,"column":2},"end":{"line":91,"column":null}},{"start":{},"end":{}}],"line":89},"4":{"loc":{"start":{"line":105,"column":2},"end":{"line":112,"column":null}},"type":"if","locations":[{"start":{"line":105,"column":2},"end":{"line":112,"column":null}},{"start":{},"end":{}}],"line":105},"5":{"loc":{"start":{"line":109,"column":4},"end":{"line":111,"column":null}},"type":"if","locations":[{"start":{"line":109,"column":4},"end":{"line":111,"column":null}},{"start":{},"end":{}}],"line":109},"6":{"loc":{"start":{"line":116,"column":2},"end":{"line":118,"column":null}},"type":"if","locations":[{"start":{"line":116,"column":2},"end":{"line":118,"column":null}},{"start":{},"end":{}}],"line":116},"7":{"loc":{"start":{"line":128,"column":4},"end":{"line":130,"column":null}},"type":"if","locations":[{"start":{"line":128,"column":4},"end":{"line":130,"column":null}},{"start":{},"end":{}}],"line":128},"8":{"loc":{"start":{"line":135,"column":2},"end":{"line":137,"column":null}},"type":"if","locations":[{"start":{"line":135,"column":2},"end":{"line":137,"column":null}},{"start":{},"end":{}}],"line":135},"9":{"loc":{"start":{"line":139,"column":9},"end":{"line":139,"column":67}},"type":"cond-expr","locations":[{"start":{"line":139,"column":22},"end":{"line":139,"column":47}},{"start":{"line":139,"column":50},"end":{"line":139,"column":67}}],"line":139},"10":{"loc":{"start":{"line":157,"column":4},"end":{"line":163,"column":null}},"type":"if","locations":[{"start":{"line":157,"column":4},"end":{"line":163,"column":null}},{"start":{},"end":{}}],"line":157},"11":{"loc":{"start":{"line":157,"column":8},"end":{"line":157,"column":25}},"type":"binary-expr","locations":[{"start":{"line":157,"column":8},"end":{"line":157,"column":13}},{"start":{"line":157,"column":17},"end":{"line":157,"column":25}}],"line":157},"12":{"loc":{"start":{"line":160,"column":6},"end":{"line":162,"column":null}},"type":"if","locations":[{"start":{"line":160,"column":6},"end":{"line":162,"column":null}},{"start":{},"end":{}}],"line":160},"13":{"loc":{"start":{"line":160,"column":10},"end":{"line":160,"column":74}},"type":"binary-expr","locations":[{"start":{"line":160,"column":10},"end":{"line":160,"column":26}},{"start":{"line":160,"column":30},"end":{"line":160,"column":74}}],"line":160},"14":{"loc":{"start":{"line":176,"column":4},"end":{"line":178,"column":null}},"type":"if","locations":[{"start":{"line":176,"column":4},"end":{"line":178,"column":null}},{"start":{},"end":{}}],"line":176},"15":{"loc":{"start":{"line":176,"column":8},"end":{"line":176,"column":25}},"type":"binary-expr","locations":[{"start":{"line":176,"column":8},"end":{"line":176,"column":13}},{"start":{"line":176,"column":17},"end":{"line":176,"column":25}}],"line":176},"16":{"loc":{"start":{"line":197,"column":4},"end":{"line":200,"column":null}},"type":"if","locations":[{"start":{"line":197,"column":4},"end":{"line":200,"column":null}},{"start":{},"end":{}}],"line":197},"17":{"loc":{"start":{"line":198,"column":23},"end":{"line":198,"column":43}},"type":"binary-expr","locations":[{"start":{"line":198,"column":23},"end":{"line":198,"column":31}},{"start":{"line":198,"column":35},"end":{"line":198,"column":43}}],"line":198},"18":{"loc":{"start":{"line":214,"column":2},"end":{"line":216,"column":null}},"type":"if","locations":[{"start":{"line":214,"column":2},"end":{"line":216,"column":null}},{"start":{},"end":{}}],"line":214},"19":{"loc":{"start":{"line":214,"column":6},"end":{"line":214,"column":46}},"type":"binary-expr","locations":[{"start":{"line":214,"column":6},"end":{"line":214,"column":13}},{"start":{"line":214,"column":17},"end":{"line":214,"column":46}}],"line":214},"20":{"loc":{"start":{"line":219,"column":2},"end":{"line":221,"column":null}},"type":"if","locations":[{"start":{"line":219,"column":2},"end":{"line":221,"column":null}},{"start":{},"end":{}}],"line":219},"21":{"loc":{"start":{"line":219,"column":6},"end":{"line":219,"column":41}},"type":"binary-expr","locations":[{"start":{"line":219,"column":6},"end":{"line":219,"column":10}},{"start":{"line":219,"column":14},"end":{"line":219,"column":41}}],"line":219},"22":{"loc":{"start":{"line":224,"column":2},"end":{"line":226,"column":null}},"type":"if","locations":[{"start":{"line":224,"column":2},"end":{"line":226,"column":null}},{"start":{},"end":{}}],"line":224},"23":{"loc":{"start":{"line":238,"column":2},"end":{"line":240,"column":null}},"type":"if","locations":[{"start":{"line":238,"column":2},"end":{"line":240,"column":null}},{"start":{},"end":{}}],"line":238},"24":{"loc":{"start":{"line":264,"column":18},"end":{"line":264,"column":77}},"type":"cond-expr","locations":[{"start":{"line":264,"column":62},"end":{"line":264,"column":70}},{"start":{"line":264,"column":73},"end":{"line":264,"column":77}}],"line":264},"25":{"loc":{"start":{"line":276,"column":2},"end":{"line":276,"column":null}},"type":"if","locations":[{"start":{"line":276,"column":2},"end":{"line":276,"column":null}},{"start":{},"end":{}}],"line":276}},"s":{"0":5,"1":5,"2":5,"3":5,"4":1594,"5":1594,"6":1594,"7":12641,"8":1559,"9":1559,"10":11182,"11":190,"12":1369,"13":11134,"14":167,"15":1202,"16":10377,"17":194,"18":1008,"19":1753,"20":1007,"21":1,"22":1606,"23":1606,"24":1606,"25":1606,"26":1606,"27":1245,"28":361,"29":361,"30":131,"31":230,"32":230,"33":359,"34":359,"35":103,"36":127,"37":127,"38":1,"39":126,"40":1459,"41":1459,"42":4154,"43":4154,"44":804,"45":804,"46":792,"47":667,"48":667,"49":2580,"50":2580,"51":45,"52":622,"53":1250,"54":1250,"55":3697,"56":3697,"57":52,"58":52,"59":1198,"60":1250,"61":1250,"62":1246,"63":1250,"64":627,"65":1250,"66":1247,"67":1250,"68":1377,"69":1377,"70":134,"71":1243,"72":1243,"73":1243,"74":1243,"75":1243,"76":1243,"77":1243,"78":1243,"79":1371,"80":0,"81":1371,"82":849,"83":1243,"84":1243},"f":{"0":1594,"1":12641,"2":1559,"3":11182,"4":11134,"5":10377,"6":1753,"7":1606,"8":1459,"9":1250,"10":1250,"11":1377,"12":1371,"13":849,"14":1243},"b":{"0":[190,1369],"1":[167,1202],"2":[194,1008],"3":[1007,1],"4":[1606,0],"5":[1245,361],"6":[131,230],"7":[103,256],"8":[1,126],"9":[126,0],"10":[804,3350],"11":[4154,804],"12":[792,12],"13":[804,796],"14":[45,2535],"15":[2580,45],"16":[52,3645],"17":[52,3],"18":[1246,4],"19":[1250,1250],"20":[627,623],"21":[1250,1250],"22":[1247,3],"23":[134,1243],"24":[1,1242],"25":[0,1371]},"meta":{"lastBranch":26,"lastFunction":15,"lastStatement":85,"seen":{"s:7:29:16:1":0,"s:18:27:29:1":1,"s:31:27:41:1":2,"s:43:23:52:1":3,"f:57:16:57:26":0,"s:58:15:58:49":4,"s:60:22:65:3":5,"s:67:2:67:Infinity":6,"f:67:26:67:33":1,"s:67:37:67:59":7,"f:73:16:73:28":2,"s:74:15:74:49":8,"b:77:2:79:Infinity:undefined:undefined:undefined:undefined":0,"s:77:2:79:Infinity":9,"f:77:26:77:33":3,"s:77:37:77:59":10,"s:78:4:78:Infinity":11,"b:81:2:83:Infinity:undefined:undefined:undefined:undefined":1,"s:81:2:83:Infinity":12,"f:81:30:81:37":4,"s:81:41:81:63":13,"s:82:4:82:Infinity":14,"b:85:2:87:Infinity:undefined:undefined:undefined:undefined":2,"s:85:2:87:Infinity":15,"f:85:30:85:37":5,"s:85:41:85:63":16,"s:86:4:86:Infinity":17,"b:89:2:91:Infinity:undefined:undefined:undefined:undefined":3,"s:89:2:91:Infinity":18,"f:89:32:89:39":6,"s:89:43:89:65":19,"s:90:4:90:Infinity":20,"s:93:2:93:19":21,"f:102:16:102:30":7,"s:104:21:104:45":22,"b:105:2:112:Infinity:undefined:undefined:undefined:undefined":4,"s:105:2:112:Infinity":23,"s:106:19:106:32":24,"s:108:24:108:161":25,"b:109:4:111:Infinity:undefined:undefined:undefined:undefined":5,"s:109:4:111:Infinity":26,"s:110:6:110:Infinity":27,"s:115:18:115:57":28,"b:116:2:118:Infinity:undefined:undefined:undefined:undefined":6,"s:116:2:118:Infinity":29,"s:117:4:117:Infinity":30,"s:121:26:124:3":31,"s:126:2:131:Infinity":32,"s:127:18:127:37":33,"b:128:4:130:Infinity:undefined:undefined:undefined:undefined":7,"s:128:4:130:Infinity":34,"s:129:6:129:Infinity":35,"s:134:20:134:43":36,"b:135:2:137:Infinity:undefined:undefined:undefined:undefined":8,"s:135:2:137:Infinity":37,"s:136:4:136:Infinity":38,"s:139:2:139:Infinity":39,"b:139:22:139:47:139:50:139:67":9,"f:145:16:145:31":8,"s:147:19:153:3":40,"s:155:2:164:Infinity":41,"s:156:18:156:40":42,"b:157:4:163:Infinity:undefined:undefined:undefined:undefined":10,"s:157:4:163:Infinity":43,"b:157:8:157:13:157:17:157:25":11,"s:158:20:158:43":44,"b:160:6:162:Infinity:undefined:undefined:undefined:undefined":12,"s:160:6:162:Infinity":45,"b:160:10:160:26:160:30:160:74":13,"s:161:8:161:Infinity":46,"s:167:23:172:3":47,"s:174:2:179:Infinity":48,"s:175:18:175:37":49,"b:176:4:178:Infinity:undefined:undefined:undefined:undefined":14,"s:176:4:178:Infinity":50,"b:176:8:176:13:176:17:176:25":15,"s:177:6:177:Infinity":51,"s:181:2:181:Infinity":52,"f:187:16:187:31":9,"s:189:19:193:3":53,"s:195:2:201:Infinity":54,"s:196:18:196:37":55,"b:197:4:200:Infinity:undefined:undefined:undefined:undefined":16,"s:197:4:200:Infinity":56,"s:198:23:198:43":57,"b:198:23:198:31:198:35:198:43":17,"s:199:6:199:Infinity":58,"s:203:2:203:Infinity":59,"f:210:16:210:35":10,"s:211:14:211:15":60,"b:214:2:216:Infinity:undefined:undefined:undefined:undefined":18,"s:214:2:216:Infinity":61,"b:214:6:214:13:214:17:214:46":19,"s:215:4:215:Infinity":62,"b:219:2:221:Infinity:undefined:undefined:undefined:undefined":20,"s:219:2:221:Infinity":63,"b:219:6:219:10:219:14:219:41":21,"s:220:4:220:Infinity":64,"b:224:2:226:Infinity:undefined:undefined:undefined:undefined":22,"s:224:2:226:Infinity":65,"s:225:4:225:Infinity":66,"s:228:2:228:Infinity":67,"f:234:16:234:26":11,"s:235:44:235:49":68,"b:238:2:240:Infinity:undefined:undefined:undefined:undefined":23,"s:238:2:240:Infinity":69,"s:239:4:239:Infinity":70,"s:243:18:243:53":71,"s:244:15:244:45":72,"s:245:19:245:40":73,"s:246:17:246:44":74,"s:247:26:247:68":75,"s:250:22:250:38":76,"s:251:14:251:38":77,"s:253:2:269:Infinity":78,"b:264:62:264:70:264:73:264:77":24,"f:275:9:275:19":12,"b:276:2:276:Infinity:undefined:undefined:undefined:undefined":25,"s:276:2:276:Infinity":79,"s:276:12:276:Infinity":80,"s:277:2:277:Infinity":81,"f:283:9:283:22":13,"s:284:2:287:Infinity":82,"f:293:9:293:19":14,"s:294:15:294:35":83,"s:295:2:295:Infinity":84}}}
,"/Users/robert/dev/git/personal/careerpulse/backend/services/gmailService.js": {"path":"/Users/robert/dev/git/personal/careerpulse/backend/services/gmailService.js","statementMap":{"0":{"start":{"line":13,"column":21},"end":{"line":13,"column":47}},"1":{"start":{"line":15,"column":2},"end":{"line":17,"column":null}},"2":{"start":{"line":16,"column":4},"end":{"line":16,"column":null}},"3":{"start":{"line":20,"column":1},"end":{"line":24,"column":null}},"4":{"start":{"line":26,"column":2},"end":{"line":26,"column":null}},"5":{"start":{"line":42,"column":6},"end":{"line":42,"column":13}},"6":{"start":{"line":44,"column":2},"end":{"line":86,"column":null}},"7":{"start":{"line":45,"column":18},"end":{"line":45,"column":47}},"8":{"start":{"line":48,"column":22},"end":{"line":48,"column":27}},"9":{"start":{"line":49,"column":4},"end":{"line":51,"column":null}},"10":{"start":{"line":50,"column":6},"end":{"line":50,"column":null}},"11":{"start":{"line":54,"column":21},"end":{"line":58,"column":6}},"12":{"start":{"line":60,"column":4},"end":{"line":62,"column":null}},"13":{"start":{"line":61,"column":6},"end":{"line":61,"column":null}},"14":{"start":{"line":65,"column":19},"end":{"line":65,"column":21}},"15":{"start":{"line":66,"column":4},"end":{"line":80,"column":null}},"16":{"start":{"line":67,"column":6},"end":{"line":79,"column":null}},"17":{"start":{"line":68,"column":28},"end":{"line":72,"column":10}},"18":{"start":{"line":74,"column":22},"end":{"line":74,"column":57}},"19":{"start":{"line":75,"column":8},"end":{"line":75,"column":null}},"20":{"start":{"line":77,"column":8},"end":{"line":77,"column":null}},"21":{"start":{"line":82,"column":4},"end":{"line":82,"column":null}},"22":{"start":{"line":84,"column":4},"end":{"line":84,"column":null}},"23":{"start":{"line":85,"column":4},"end":{"line":85,"column":null}},"24":{"start":{"line":95,"column":25},"end":{"line":99,"column":3}},"25":{"start":{"line":101,"column":2},"end":{"line":101,"column":null}},"26":{"start":{"line":108,"column":2},"end":{"line":123,"column":null}},"27":{"start":{"line":109,"column":18},"end":{"line":109,"column":47}},"28":{"start":{"line":111,"column":21},"end":{"line":113,"column":6}},"29":{"start":{"line":115,"column":4},"end":{"line":119,"column":null}},"30":{"start":{"line":121,"column":4},"end":{"line":121,"column":null}},"31":{"start":{"line":122,"column":4},"end":{"line":122,"column":null}},"32":{"start":{"line":130,"column":18},"end":{"line":130,"column":41}},"33":{"start":{"line":133,"column":15},"end":{"line":133,"column":41}},"34":{"start":{"line":134,"column":13},"end":{"line":134,"column":37}},"35":{"start":{"line":135,"column":18},"end":{"line":135,"column":47}},"36":{"start":{"line":136,"column":15},"end":{"line":136,"column":41}},"37":{"start":{"line":139,"column":15},"end":{"line":139,"column":43}},"38":{"start":{"line":141,"column":2},"end":{"line":151,"column":null}},"39":{"start":{"line":158,"column":17},"end":{"line":158,"column":79}},"40":{"start":{"line":158,"column":35},"end":{"line":158,"column":78}},"41":{"start":{"line":159,"column":2},"end":{"line":159,"column":null}},"42":{"start":{"line":166,"column":13},"end":{"line":166,"column":15}},"43":{"start":{"line":169,"column":2},"end":{"line":191,"column":null}},"44":{"start":{"line":170,"column":4},"end":{"line":170,"column":null}},"45":{"start":{"line":173,"column":7},"end":{"line":191,"column":null}},"46":{"start":{"line":174,"column":4},"end":{"line":190,"column":null}},"47":{"start":{"line":176,"column":6},"end":{"line":189,"column":null}},"48":{"start":{"line":177,"column":8},"end":{"line":177,"column":null}},"49":{"start":{"line":178,"column":8},"end":{"line":178,"column":null}},"50":{"start":{"line":181,"column":11},"end":{"line":189,"column":null}},"51":{"start":{"line":182,"column":25},"end":{"line":182,"column":53}},"52":{"start":{"line":183,"column":8},"end":{"line":183,"column":null}},"53":{"start":{"line":186,"column":11},"end":{"line":189,"column":null}},"54":{"start":{"line":187,"column":8},"end":{"line":187,"column":null}},"55":{"start":{"line":188,"column":8},"end":{"line":188,"column":null}},"56":{"start":{"line":188,"column":18},"end":{"line":188,"column":null}},"57":{"start":{"line":193,"column":2},"end":{"line":193,"column":null}},"58":{"start":{"line":200,"column":2},"end":{"line":208,"column":null}},"59":{"start":{"line":202,"column":19},"end":{"line":202,"column":61}},"60":{"start":{"line":204,"column":4},"end":{"line":204,"column":null}},"61":{"start":{"line":206,"column":4},"end":{"line":206,"column":null}},"62":{"start":{"line":207,"column":4},"end":{"line":207,"column":null}},"63":{"start":{"line":215,"column":2},"end":{"line":225,"column":null}},"64":{"start":{"line":232,"column":15},"end":{"line":232,"column":25}},"65":{"start":{"line":233,"column":2},"end":{"line":233,"column":null}},"66":{"start":{"line":234,"column":2},"end":{"line":234,"column":null}}},"fnMap":{"0":{"name":"initializeGmailClient","decl":{"start":{"line":12,"column":15},"end":{"line":12,"column":36}},"loc":{"start":{"line":12,"column":39},"end":{"line":27,"column":null}},"line":12},"1":{"name":"fetchEmails","decl":{"start":{"line":37,"column":22},"end":{"line":37,"column":33}},"loc":{"start":{"line":37,"column":48},"end":{"line":87,"column":null}},"line":37},"2":{"name":"fetchJobEmails","decl":{"start":{"line":94,"column":22},"end":{"line":94,"column":36}},"loc":{"start":{"line":94,"column":51},"end":{"line":102,"column":null}},"line":94},"3":{"name":"getGmailProfile","decl":{"start":{"line":107,"column":22},"end":{"line":107,"column":37}},"loc":{"start":{"line":107,"column":40},"end":{"line":124,"column":null}},"line":107},"4":{"name":"parseGmailMessage","decl":{"start":{"line":129,"column":9},"end":{"line":129,"column":26}},"loc":{"start":{"line":129,"column":36},"end":{"line":152,"column":null}},"line":129},"5":{"name":"getHeader","decl":{"start":{"line":157,"column":9},"end":{"line":157,"column":18}},"loc":{"start":{"line":157,"column":34},"end":{"line":160,"column":null}},"line":157},"6":{"name":"(anonymous_6)","decl":{"start":{"line":158,"column":30},"end":{"line":158,"column":31}},"loc":{"start":{"line":158,"column":35},"end":{"line":158,"column":78}},"line":158},"7":{"name":"extractBody","decl":{"start":{"line":165,"column":9},"end":{"line":165,"column":20}},"loc":{"start":{"line":165,"column":30},"end":{"line":194,"column":null}},"line":165},"8":{"name":"decodeBase64","decl":{"start":{"line":199,"column":9},"end":{"line":199,"column":21}},"loc":{"start":{"line":199,"column":28},"end":{"line":209,"column":null}},"line":199},"9":{"name":"stripHtml","decl":{"start":{"line":214,"column":9},"end":{"line":214,"column":18}},"loc":{"start":{"line":214,"column":25},"end":{"line":226,"column":null}},"line":214},"10":{"name":"getDefaultAfterDate","decl":{"start":{"line":231,"column":9},"end":{"line":231,"column":28}},"loc":{"start":{"line":231,"column":31},"end":{"line":235,"column":null}},"line":231}},"branchMap":{"0":{"loc":{"start":{"line":15,"column":2},"end":{"line":17,"column":null}},"type":"if","locations":[{"start":{"line":15,"column":2},"end":{"line":17,"column":null}},{"start":{},"end":{}}],"line":15},"1":{"loc":{"start":{"line":37,"column":34},"end":{"line":37,"column":46}},"type":"default-arg","locations":[{"start":{"line":37,"column":44},"end":{"line":37,"column":46}}],"line":37},"2":{"loc":{"start":{"line":39,"column":4},"end":{"line":39,"column":22}},"type":"default-arg","locations":[{"start":{"line":39,"column":12},"end":{"line":39,"column":22}}],"line":39},"3":{"loc":{"start":{"line":40,"column":4},"end":{"line":40,"column":19}},"type":"default-arg","locations":[{"start":{"line":40,"column":17},"end":{"line":40,"column":19}}],"line":40},"4":{"loc":{"start":{"line":41,"column":4},"end":{"line":41,"column":null}},"type":"default-arg","locations":[{"start":{"line":41,"column":16},"end":{"line":41,"column":null}}],"line":41},"5":{"loc":{"start":{"line":49,"column":4},"end":{"line":51,"column":null}},"type":"if","locations":[{"start":{"line":49,"column":4},"end":{"line":51,"column":null}},{"start":{},"end":{}}],"line":49},"6":{"loc":{"start":{"line":60,"column":4},"end":{"line":62,"column":null}},"type":"if","locations":[{"start":{"line":60,"column":4},"end":{"line":62,"column":null}},{"start":{},"end":{}}],"line":60},"7":{"loc":{"start":{"line":60,"column":8},"end":{"line":60,"column":70}},"type":"binary-expr","locations":[{"start":{"line":60,"column":8},"end":{"line":60,"column":31}},{"start":{"line":60,"column":35},"end":{"line":60,"column":70}}],"line":60},"8":{"loc":{"start":{"line":94,"column":37},"end":{"line":94,"column":49}},"type":"default-arg","locations":[{"start":{"line":94,"column":47},"end":{"line":94,"column":49}}],"line":94},"9":{"loc":{"start":{"line":98,"column":15},"end":{"line":98,"column":null}},"type":"binary-expr","locations":[{"start":{"line":98,"column":15},"end":{"line":98,"column":32}},{"start":{"line":98,"column":36},"end":{"line":98,"column":null}}],"line":98},"10":{"loc":{"start":{"line":143,"column":10},"end":{"line":143,"column":20}},"type":"binary-expr","locations":[{"start":{"line":143,"column":10},"end":{"line":143,"column":14}},{"start":{"line":143,"column":18},"end":{"line":143,"column":20}}],"line":143},"11":{"loc":{"start":{"line":144,"column":8},"end":{"line":144,"column":16}},"type":"binary-expr","locations":[{"start":{"line":144,"column":8},"end":{"line":144,"column":10}},{"start":{"line":144,"column":14},"end":{"line":144,"column":16}}],"line":144},"12":{"loc":{"start":{"line":145,"column":13},"end":{"line":145,"column":26}},"type":"binary-expr","locations":[{"start":{"line":145,"column":13},"end":{"line":145,"column":20}},{"start":{"line":145,"column":24},"end":{"line":145,"column":26}}],"line":145},"13":{"loc":{"start":{"line":146,"column":10},"end":{"line":146,"column":20}},"type":"binary-expr","locations":[{"start":{"line":146,"column":10},"end":{"line":146,"column":14}},{"start":{"line":146,"column":18},"end":{"line":146,"column":20}}],"line":146},"14":{"loc":{"start":{"line":147,"column":10},"end":{"line":147,"column":42}},"type":"binary-expr","locations":[{"start":{"line":147,"column":10},"end":{"line":147,"column":14}},{"start":{"line":147,"column":18},"end":{"line":147,"column":42}}],"line":147},"15":{"loc":{"start":{"line":148,"column":13},"end":{"line":148,"column":34}},"type":"binary-expr","locations":[{"start":{"line":148,"column":13},"end":{"line":148,"column":28}},{"start":{"line":148,"column":32},"end":{"line":148,"column":34}}],"line":148},"16":{"loc":{"start":{"line":150,"column":12},"end":{"line":150,"column":null}},"type":"binary-expr","locations":[{"start":{"line":150,"column":12},"end":{"line":150,"column":28}},{"start":{"line":150,"column":32},"end":{"line":150,"column":null}}],"line":150},"17":{"loc":{"start":{"line":159,"column":9},"end":{"line":159,"column":37}},"type":"cond-expr","locations":[{"start":{"line":159,"column":18},"end":{"line":159,"column":30}},{"start":{"line":159,"column":33},"end":{"line":159,"column":37}}],"line":159},"18":{"loc":{"start":{"line":169,"column":2},"end":{"line":191,"column":null}},"type":"if","locations":[{"start":{"line":169,"column":2},"end":{"line":191,"column":null}},{"start":{"line":173,"column":7},"end":{"line":191,"column":null}}],"line":169},"19":{"loc":{"start":{"line":169,"column":6},"end":{"line":169,"column":39}},"type":"binary-expr","locations":[{"start":{"line":169,"column":6},"end":{"line":169,"column":18}},{"start":{"line":169,"column":22},"end":{"line":169,"column":39}}],"line":169},"20":{"loc":{"start":{"line":173,"column":7},"end":{"line":191,"column":null}},"type":"if","locations":[{"start":{"line":173,"column":7},"end":{"line":191,"column":null}},{"start":{},"end":{}}],"line":173},"21":{"loc":{"start":{"line":176,"column":6},"end":{"line":189,"column":null}},"type":"if","locations":[{"start":{"line":176,"column":6},"end":{"line":189,"column":null}},{"start":{"line":181,"column":11},"end":{"line":189,"column":null}}],"line":176},"22":{"loc":{"start":{"line":176,"column":10},"end":{"line":176,"column":71}},"type":"binary-expr","locations":[{"start":{"line":176,"column":10},"end":{"line":176,"column":40}},{"start":{"line":176,"column":44},"end":{"line":176,"column":53}},{"start":{"line":176,"column":57},"end":{"line":176,"column":71}}],"line":176},"23":{"loc":{"start":{"line":181,"column":11},"end":{"line":189,"column":null}},"type":"if","locations":[{"start":{"line":181,"column":11},"end":{"line":189,"column":null}},{"start":{"line":186,"column":11},"end":{"line":189,"column":null}}],"line":181},"24":{"loc":{"start":{"line":181,"column":15},"end":{"line":181,"column":75}},"type":"binary-expr","locations":[{"start":{"line":181,"column":15},"end":{"line":181,"column":44}},{"start":{"line":181,"column":48},"end":{"line":181,"column":57}},{"start":{"line":181,"column":61},"end":{"line":181,"column":75}}],"line":181},"25":{"loc":{"start":{"line":186,"column":11},"end":{"line":189,"column":null}},"type":"if","locations":[{"start":{"line":186,"column":11},"end":{"line":189,"column":null}},{"start":{},"end":{}}],"line":186},"26":{"loc":{"start":{"line":188,"column":8},"end":{"line":188,"column":null}},"type":"if","locations":[{"start":{"line":188,"column":8},"end":{"line":188,"column":null}},{"start":{},"end":{}}],"line":188}},"s":{"0":9,"1":9,"2":0,"3":9,"4":9,"5":8,"6":8,"7":8,"8":8,"9":8,"10":8,"11":8,"12":8,"13":0,"14":8,"15":8,"16":120,"17":120,"18":120,"19":120,"20":0,"21":8,"22":0,"23":0,"24":8,"25":8,"26":1,"27":1,"28":1,"29":1,"30":0,"31":0,"32":120,"33":120,"34":120,"35":120,"36":120,"37":120,"38":120,"39":480,"40":9025,"41":480,"42":149,"43":149,"44":26,"45":123,"46":123,"47":127,"48":58,"49":58,"50":69,"51":36,"52":36,"53":33,"54":29,"55":29,"56":29,"57":149,"58":120,"59":120,"60":120,"61":0,"62":0,"63":36,"64":8,"65":8,"66":8},"f":{"0":9,"1":8,"2":8,"3":1,"4":120,"5":480,"6":9025,"7":149,"8":120,"9":36,"10":8},"b":{"0":[0,9],"1":[8],"2":[8],"3":[8],"4":[8],"5":[8,0],"6":[0,8],"7":[8,8],"8":[8],"9":[8,8],"10":[120,0],"11":[120,0],"12":[120,0],"13":[120,0],"14":[120,0],"15":[120,0],"16":[120,0],"17":[480,0],"18":[26,123],"19":[149,149],"20":[123,0],"21":[58,69],"22":[127,58,58],"23":[36,33],"24":[69,36,36],"25":[29,4],"26":[29,0]},"meta":{"lastBranch":27,"lastFunction":11,"lastStatement":67,"seen":{"f:12:15:12:36":0,"s:13:21:13:47":0,"b:15:2:17:Infinity:undefined:undefined:undefined:undefined":0,"s:15:2:17:Infinity":1,"s:16:4:16:Infinity":2,"s:20:1:24:Infinity":3,"s:26:2:26:Infinity":4,"f:37:22:37:33":1,"b:37:44:37:46":1,"s:42:6:42:13":5,"b:39:12:39:22":2,"b:40:17:40:19":3,"b:41:16:41:Infinity":4,"s:44:2:86:Infinity":6,"s:45:18:45:47":7,"s:48:22:48:27":8,"b:49:4:51:Infinity:undefined:undefined:undefined:undefined":5,"s:49:4:51:Infinity":9,"s:50:6:50:Infinity":10,"s:54:21:58:6":11,"b:60:4:62:Infinity:undefined:undefined:undefined:undefined":6,"s:60:4:62:Infinity":12,"b:60:8:60:31:60:35:60:70":7,"s:61:6:61:Infinity":13,"s:65:19:65:21":14,"s:66:4:80:Infinity":15,"s:67:6:79:Infinity":16,"s:68:28:72:10":17,"s:74:22:74:57":18,"s:75:8:75:Infinity":19,"s:77:8:77:Infinity":20,"s:82:4:82:Infinity":21,"s:84:4:84:Infinity":22,"s:85:4:85:Infinity":23,"f:94:22:94:36":2,"b:94:47:94:49":8,"s:95:25:99:3":24,"b:98:15:98:32:98:36:98:Infinity":9,"s:101:2:101:Infinity":25,"f:107:22:107:37":3,"s:108:2:123:Infinity":26,"s:109:18:109:47":27,"s:111:21:113:6":28,"s:115:4:119:Infinity":29,"s:121:4:121:Infinity":30,"s:122:4:122:Infinity":31,"f:129:9:129:26":4,"s:130:18:130:41":32,"s:133:15:133:41":33,"s:134:13:134:37":34,"s:135:18:135:47":35,"s:136:15:136:41":36,"s:139:15:139:43":37,"s:141:2:151:Infinity":38,"b:143:10:143:14:143:18:143:20":10,"b:144:8:144:10:144:14:144:16":11,"b:145:13:145:20:145:24:145:26":12,"b:146:10:146:14:146:18:146:20":13,"b:147:10:147:14:147:18:147:42":14,"b:148:13:148:28:148:32:148:34":15,"b:150:12:150:28:150:32:150:Infinity":16,"f:157:9:157:18":5,"s:158:17:158:79":39,"f:158:30:158:31":6,"s:158:35:158:78":40,"s:159:2:159:Infinity":41,"b:159:18:159:30:159:33:159:37":17,"f:165:9:165:20":7,"s:166:13:166:15":42,"b:169:2:191:Infinity:173:7:191:Infinity":18,"s:169:2:191:Infinity":43,"b:169:6:169:18:169:22:169:39":19,"s:170:4:170:Infinity":44,"b:173:7:191:Infinity:undefined:undefined:undefined:undefined":20,"s:173:7:191:Infinity":45,"s:174:4:190:Infinity":46,"b:176:6:189:Infinity:181:11:189:Infinity":21,"s:176:6:189:Infinity":47,"b:176:10:176:40:176:44:176:53:176:57:176:71":22,"s:177:8:177:Infinity":48,"s:178:8:178:Infinity":49,"b:181:11:189:Infinity:186:11:189:Infinity":23,"s:181:11:189:Infinity":50,"b:181:15:181:44:181:48:181:57:181:61:181:75":24,"s:182:25:182:53":51,"s:183:8:183:Infinity":52,"b:186:11:189:Infinity:undefined:undefined:undefined:undefined":25,"s:186:11:189:Infinity":53,"s:187:8:187:Infinity":54,"b:188:8:188:Infinity:undefined:undefined:undefined:undefined":26,"s:188:8:188:Infinity":55,"s:188:18:188:Infinity":56,"s:193:2:193:Infinity":57,"f:199:9:199:21":8,"s:200:2:208:Infinity":58,"s:202:19:202:61":59,"s:204:4:204:Infinity":60,"s:206:4:206:Infinity":61,"s:207:4:207:Infinity":62,"f:214:9:214:18":9,"s:215:2:225:Infinity":63,"f:231:9:231:28":10,"s:232:15:232:25":64,"s:233:2:233:Infinity":65,"s:234:2:234:Infinity":66}}}
,"/Users/robert/dev/git/personal/careerpulse/backend/tests/fixtures/edgeCaseEmails.json": {"path":"/Users/robert/dev/git/personal/careerpulse/backend/tests/fixtures/edgeCaseEmails.json","statementMap":{},"fnMap":{},"branchMap":{},"s":{},"f":{},"b":{},"meta":{"lastBranch":0,"lastFunction":0,"lastStatement":0,"seen":{}}}
,"/Users/robert/dev/git/personal/careerpulse/backend/tests/fixtures/sampleEmails.json": {"path":"/Users/robert/dev/git/personal/careerpulse/backend/tests/fixtures/sampleEmails.json","statementMap":{},"fnMap":{},"branchMap":{},"s":{},"f":{},"b":{},"meta":{"lastBranch":0,"lastFunction":0,"lastStatement":0,"seen":{}}}
,"/Users/robert/dev/git/personal/careerpulse/backend/tests/helpers/assertions.js": {"path":"/Users/robert/dev/git/personal/careerpulse/backend/tests/helpers/assertions.js","statementMap":{"0":{"start":{"line":12,"column":23},"end":{"line":12,"column":68}},"1":{"start":{"line":17,"column":24},"end":{"line":21,"column":1}},"2":{"start":{"line":34,"column":2},"end":{"line":36,"column":null}},"3":{"start":{"line":35,"column":4},"end":{"line":35,"column":null}},"4":{"start":{"line":39,"column":31},"end":{"line":42,"column":3}},"5":{"start":{"line":44,"column":2},"end":{"line":53,"column":null}},"6":{"start":{"line":45,"column":4},"end":{"line":49,"column":null}},"7":{"start":{"line":46,"column":6},"end":{"line":48,"column":null}},"8":{"start":{"line":50,"column":4},"end":{"line":52,"column":null}},"9":{"start":{"line":51,"column":6},"end":{"line":51,"column":null}},"10":{"start":{"line":56,"column":2},"end":{"line":58,"column":null}},"11":{"start":{"line":57,"column":4},"end":{"line":57,"column":null}},"12":{"start":{"line":61,"column":2},"end":{"line":63,"column":null}},"13":{"start":{"line":62,"column":4},"end":{"line":62,"column":null}},"14":{"start":{"line":66,"column":31},"end":{"line":66,"column":68}},"15":{"start":{"line":67,"column":2},"end":{"line":73,"column":null}},"16":{"start":{"line":68,"column":4},"end":{"line":72,"column":null}},"17":{"start":{"line":69,"column":6},"end":{"line":71,"column":null}},"18":{"start":{"line":76,"column":2},"end":{"line":80,"column":null}},"19":{"start":{"line":77,"column":4},"end":{"line":79,"column":null}},"20":{"start":{"line":82,"column":2},"end":{"line":86,"column":null}},"21":{"start":{"line":83,"column":4},"end":{"line":85,"column":null}},"22":{"start":{"line":89,"column":2},"end":{"line":93,"column":null}},"23":{"start":{"line":90,"column":4},"end":{"line":92,"column":null}},"24":{"start":{"line":96,"column":2},"end":{"line":100,"column":null}},"25":{"start":{"line":97,"column":4},"end":{"line":99,"column":null}},"26":{"start":{"line":103,"column":2},"end":{"line":103,"column":null}},"27":{"start":{"line":106,"column":2},"end":{"line":106,"column":null}},"28":{"start":{"line":109,"column":2},"end":{"line":109,"column":null}},"29":{"start":{"line":112,"column":2},"end":{"line":116,"column":null}},"30":{"start":{"line":113,"column":4},"end":{"line":115,"column":null}},"31":{"start":{"line":119,"column":2},"end":{"line":121,"column":null}},"32":{"start":{"line":
[...]
,"/Users/robert/dev/git/personal/careerpulse/backend/tests/helpers/testSetup.js": {"path":"/Users/robert/dev/git/personal/careerpulse/backend/tests/helpers/testSetup.js","statementMap":{"0":{"start":{"line":7,"column":91},"end":{"line":7,"column":127}},"1":{"start":{"line":10,"column":93},"end":{"line":10,"column":132}},"2":{"start":{"line":12,"column":19},"end":{"line":12,"column":49}},"3":{"start":{"line":13,"column":18},"end":{"line":13,"column":42}},"4":{"start":{"line":18,"column":4},"end":{"line":24,"column":null}},"5":{"start":{"line":19,"column":6},"end":{"line":19,"column":null}},"6":{"start":{"line":20,"column":6},"end":{"line":20,"column":null}},"7":{"start":{"line":22,"column":6},"end":{"line":22,"column":null}},"8":{"start":{"line":23,"column":6},"end":{"line":23,"column":null}},"9":{"start":{"line":25,"column":4},"end":{"line":25,"column":null}},"10":{"start":{"line":32,"column":4},"end":{"line":59,"column":null}},"11":{"start":{"line":33,"column":6},"end":{"line":58,"column":null}},"12":{"start":{"line":34,"column":8},"end":{"line":37,"column":null}},"13":{"start":{"line":35,"column":10},"end":{"line":35,"column":null}},"14":{"start":{"line":36,"column":10},"end":{"line":36,"column":null}},"15":{"start":{"line":39,"column":8},"end":{"line":57,"column":null}},"16":{"start":{"line":41,"column":29},"end":{"line":41,"column":78}},"17":{"start":{"line":42,"column":25},"end":{"line":42,"column":60}},"18":{"start":{"line":45,"column":29},"end":{"line":48,"column":38}},"19":{"start":{"line":47,"column":22},"end":{"line":47,"column":30}},"20":{"start":{"line":48,"column":25},"end":{"line":48,"column":37}},"21":{"start":{"line":50,"column":10},"end":{"line":52,"column":null}},"22":{"start":{"line":51,"column":12},"end":{"line":51,"column":null}},"23":{"start":{"line":54,"column":10},"end":{"line":54,"column":null}},"24":{"start":{"line":56,"column":10},"end":{"line":56,"column":null}},"25":{"start":{"line":66,"column":4},"end":{"line":81,"column":null}},"26":{"start":{"line":67,"column":6},"end":{"line":80,"column":null}},"27":{"start":{"line":68,"column":8},"end":{"line":79,"column":null}},"28":{"start":{"line":83,"column":4},"end":{"line":109,"column":null}},"29":{"start":{"line":84,"column":6},"end":{"line":108,"column":null}},"30":{"start":{"line":85,"column":8},"end":{"line":107,"column":null}},"31":{"start":{"line":111,"column":4},"end":{"line":127,"column":null}},"32":{"start":{"line":112,"column":6},"end":{"line":126,"column":null}},"33":{"start":{"line":113,"column":8},"end":{"line":125,"column":null}},"34":{"start":{"line":129,"column":4},"end":{"line":143,"column":null}},"35":{"start":{"line":130,"column":6},"end":{"line":142,"column":null}},"36":{"start":{"line":131,"column":8},"end":{"line":141,"column":null}},"37":{"start":{"line":150,"column":4},"end":{"line":150,"column":null}},"38":{"start":{"line":151,"column":4},"end":{"line":151,"column":null}},"39":{"start":{"line":152,"column":4},"end":{"line":152,"column":null}},"40":{"start":{"line":153,"column":4},"end":{"line":153,"column":null}},"41":{"start":{"line":160,"column":4},"end":{"line":160,"column":null}},"42":{"start":{"line":167,"column":4},"end":{"line":167,"column":null}},"43":{"start":{"line":174,"column":4},"end":{"line":182,"column":null}},"44":{"start":{"line":175,"column":6},"end":{"line":181,"column":null}},"45":{"start":{"line":176,"column":8},"end":{"line":180,"column":null}},"46":{"start":{"line":177,"column":10},"end":{"line":177,"column":null}},"47":{"start":{"line":179,"column":10},"end":{"line":179,"column":null}},"48":{"start":{"line":189,"column":4},"end":{"line":197,"column":null}},"49":{"start":{"line":190,"column":6},"end":{"line":196,"column":null}},"50":{"start":{"line":191,"column":8},"end":{"line":195,"column":null}},"51":{"start":{"line":192,"column":10},"end":{"line":192,"column":null}},"52":{"start":{"line":194,"column":10},"end":{"line":194,"column":null}},"53":{"start":{"line":204,"column":4},"end":{"line":212,"column":null}},"54":{"start":{"line":205,"column":6},"end":{"line":211,"column":null}},"55":{"start":{"line":206,"column":8},"end":{"line":210,"column":null}},"56":{"start":{"line":207,"column":10},"end":{"line":207,"column":null}},"57":{"start":{"line":209,"column":10},"end":{"line":209,"column":null}},"58":{"start":{"line":219,"column":4},"end":{"line":232,"column":null}},"59":{"start":{"line":220,"column":6},"end":{"line":231,"column":null}},"60":{"start":{"line":221,"column":8},"end":{"line":228,"column":null}},"61":{"start":{"line":222,"column":10},"end":{"line":227,"column":null}},"62":{"start":{"line":223,"column":12},"end":{"line":223,"column":null}},"63":{"start":{"line":225,"column":12},"end":{"line":225,"column":null}},"64":{"start":{"line":226,"column":12},"end":{"line":226,"column":null}},"65":{"start":{"line":230,"column":8},"end":{"line":230,"column":null}}},"fnMap":{"0":{"name":"(anonymous_0)","decl":{"start":{"line":16,"column":2},"end":{"line":16,"column":13}},"loc":{"start":{"line":16,"column":28},"end":{"line":26,"column":null}},"line":16},"1":{"name":"(anonymous_1)","decl":{"start":{"line":31,"column":8},"end":{"line":31,"column":18}},"loc":{"start":{"line":31,"column":21},"end":{"line":60,"column":null}},"line":31},"2":{"name":"(anonymous_2)","decl":{"start":{"line":32,"column":23},"end":{"line":32,"column":24}},"loc":{"start":{"line":32,"column":44},"end":{"line":59,"column":5}},"line":32},"3":{"name":"(anonymous_3)","decl":{"start":{"line":33,"column":50},"end":{"line":33,"column":55}},"loc":{"start":{"line":33,"column":65},"end":{"line":58,"column":7}},"line":33},"4":{"name":"(anonymous_4)","decl":{"start":{"line":47,"column":17},"end":{"line":47,"column":18}},"loc":{"start":{"line":47,"column":22},"end":{"line":47,"column":30}},"line":47},"5":{"name":"(anonymous_5)","decl":{"start":{"line":48,"column":20},"end":{"line":48,"column":21}},"loc":{"start":{"line":48,"column":25},"end":{"line":48,"column":37}},"line":48},"6":{"name":"(anonymous_6)","decl":{"start":{"line":65,"column":8},"end":{"line":65,"column":12}},"loc":{"start":{"line":65,"column":19},"end":{"line":144,"column":null}},"line":65},"7":{"name":"(anonymous_7)","decl":{"start":{"line":149,"column":8},"end":{"line":149,"column":13}},"loc":{"start":{"line":149,"column":16},"end":{"line":154,"column":null}},"line":149},"8":{"name":"(anonymous_8)","decl":{"start":{"line":159,"column":2},"end":{"line":159,"column":15}},"loc":{"start":{"line":159,"column":18},"end":{"line":161,"column":null}},"line":159},"9":{"name":"(anonymous_9)","decl":{"start":{"line":166,"column":2},"end":{"line":166,"column":7}},"loc":{"start":{"line":166,"column":26},"end":{"line":168,"column":null}},"line":166},"10":{"name":"(anonymous_10)","decl":{"start":{"line":173,"column":2},"end":{"line":173,"column":5}},"loc":{"start":{"line":173,"column":24},"end":{"line":183,"column":null}},"line":173},"11":{"name":"(anonymous_11)","decl":{"start":{"line":174,"column":23},"end":{"line":174,"column":24}},"loc":{"start":{"line":174,"column":44},"end":{"line":182,"column":5}},"line":174},"12":{"name":"(anonymous_12)","decl":{"start":{"line":175,"column":31},"end":{"line":175,"column":39}},"loc":{"start":{"line":175,"column":45},"end":{"line":181,"column":7}},"line":175},"13":{"name":"(anonymous_13)","decl":{"start":{"line":188,"column":2},"end":{"line":188,"column":5}},"loc":{"start":{"line":188,"column":24},"end":{"line":198,"column":null}},"line":188},"14":{"name":"(anonymous_14)","decl":{"start":{"line":189,"column":23},"end":{"line":189,"column":24}},"loc":{"start":{"line":189,"column":44},"end":{"line":197,"column":5}},"line":189},"15":{"name":"(anonymous_15)","decl":{"start":{"line":190,"column":31},"end":{"line":190,"column":32}},"loc":{"start":{"line":190,"column":45},"end":{"line":196,"column":7}},"line":190},"16":{"name":"(anonymous_16)","decl":{"start":{"line":203,"column":2},"end":{"line":203,"column":5}},"loc":{"start":{"line":203,"column":24},"end":{"line":213,"column":null}},"line":203},"17":{"name":"(anonymous_17)","decl":{"start":{"line":204,"column":23},"end":{"line":204,"column":24}},"loc":{"start":{"line":204,"column":44},"end":{"line":212,"column":5}},"line":204},"18":{"name":"(anonymous_18)","decl":{"start":{"line":205,"column":31},"end":{"line":205,"column":32}},"loc":{"start":{"line":205,"column":46},"end":{"line":211,"column":7}},"line":205},"19":{"name":"(anonymous_19)","decl":{"start":{"line":218,"column":8},"end":{"line":218,"column":16}},"loc":{"start":{"line":218,"column":19},"end":{"line":233,"column":null}},"line":218},"20":{"name":"(anonymous_20)","decl":{"start":{"line":219,"column":23},"end":{"line":219,"column":24}},"loc":{"start":{"line":219,"column":44},"end":{"line":232,"column":5}},"line":219},"21":{"name":"(anonymous_21)","decl":{"start":{"line":221,"column":22},"end":{"line":221,"column":23}},"loc":{"start":{"line":221,"column":31},"end":{"line":228,"column":9}},"line":221}},"branchMap":{"0":{"loc":{"start":{"line":16,"column":14},"end":{"line":16,"column":26}},"type":"default-arg","locations":[{"start":{"line":16,"column":24},"end":{"line":16,"column":26}}],"line":16},"1":{"loc":{"start":{"line":18,"column":4},"end":{"line":24,"column":null}},"type":"if","locations":[{"start":{"line":18,"column":4},"end":{"line":24,"column":null}},{"start":{"line":21,"column":11},"end":{"line":24,"column":null}}],"line":18},"2":{"loc":{"start":{"line":23,"column":20},"end":{"line":23,"column":81}},"type":"cond-expr","locations":[{"start":{"line":23,"column":39},"end":{"line":23,"column":49}},{"start":{"line":23,"column":53},"end":{"line":23,"column":80}}],"line":23},"3":{"loc":{"start":{"line":23,"column":53},"end":{"line":23,"column":80}},"type":"binary-expr","locations":[{"start":{"line":23,"column":53},"end":{"line":23,"column":67}},{"start":{"line":23,"column":71},"end":{"line":23,"column":80}}],"line":23},"4":{"loc":{"start":{"line":34,"column":8},"end":{"line":37,"column":null}},"type":"if","locations":[{"start":{"line":34,"column":8},"end":{"line":37,"column":null}},{"start":{},"end":{}}],"line":34},"5":{"loc":{"start":{"line":66,"column":4},"end":{"line":81,"column":null}},"type":"if","locations":[{"start":{"line":66,"column":4},"end":{"line":81,"column":null}},{"start":{},"end":{}}],"line":66},"6":{"loc":{"start":{"line":74,"column":12},"end":{"line":74,"column":33}},"type":"binary-expr","locations":[{"start":{"line":74,"column":12},"end":{"line":74,"column":25}},{"start":{"line":74,"column":29},"end":{"line":74,"column":33}}],"line":74},"7":{"loc":{"start":{"line":75,"column":12},"end":{"line":75,"column":29}},"type":"binary-expr","locations":[{"start":{"line":75,"column":12},"end":{"line":75,"column":21}},{"start":{"line":75,"column":25},"end":{"line":75,"column":29}}],"line":75},"8":{"loc":{"start":{"line":76,"column":12},"end":{"line":76,"column":73}},"type":"binary-expr","locations":[{"start":{"line":76,"column":12},"end":{"line":76,"column":26}},{"start":{"line":76,"column":30},"end":{"line":76,"column":45}},{"start":{"line":76,"column":49},"end":{"line":76,"column":73}}],"line":76},"9":{"loc":{"start":{"line":77,"column":12},"end":{"line":77,"column":null}},"type":"binary-expr","locations":[{"start":{"line":77,"column":12},"end":{"line":77,"column":26}},{"start":{"line":77,"column":30},"end":{"line":77,"column":45}},{"start":{"line":77,"column":49},"end":{"line":77,"column":null}}],"line":77},"10":{"loc":{"start":{"line":83,"column":4},"end":{"line":109,"column":null}},"type":"if","locations":[{"start":{"line":83,"column":4},"end":{"line":109,"column":null}},{"start":{},"end":{}}],"line":83},"11":{"loc":{"start":{"line":105,"column":12},"end":{"line":105,"column":null}},"type":"binary-expr","locations":[{"start":{"line":105,"column":12},"end":{"line":105,"column":25}},{"start":{"line":105,"column":29},"end":{"line":105,"column":null}}],"line":105},"12":{"loc":{"start":{"line":111,"column":4},"end":{"line":127,"column":null}},"type":"if","locations":[{"start":{"line":111,"column":4},"end":{"line":127,"column":null}},{"start":{},"end":{}}],"line":111},"13":{"loc":{"start":{"line":122,"column":12},"end":{"line":122,"column":46}},"type":"binary-expr","locations":[{"start":{"line":122,"column":12},"end":{"line":122,"column":26}},{"start":{"line":122,"column":30},"end":{"line":122,"column":46}}],"line":122},"14":{"loc":{"start":{"line":123,"column":12},"end":{"line":123,"column":null}},"type":"cond-expr","locations":[{"start":{"line":123,"column":43},"end":{"line":123,"column":57}},{"start":{"line":123,"column":61},"end":{"line":123,"column":114}}],"line":123},"15":{"loc":{"start":{"line":123,"column":61},"end":{"line":123,"column":114}},"type":"cond-expr","locations":[{"start":{"line":123,"column":94},"end":{"line":123,"column":110}},{"start":{"line":123,"column":113},"end":{"line":123,"column":114}}],"line":123},"16":{"loc":{"start":{"line":129,"column":4},"end":{"line":143,"column":null}},"type":"if","locations":[{"start":{"line":129,"column":4},"end":{"line":143,"column":null}},{"start":{},"end":{}}],"line":129},"17":{"loc":{"start":{"line":166,"column":13},"end":{"line":166,"column":24}},"type":"default-arg","locations":[{"start":{"line":166,"column":22},"end":{"line":166,"column":24}}],"line":166},"18":{"loc":{"start":{"line":173,"column":11},"end":{"line":173,"column":22}},"type":"default-arg","locations":[{"start":{"line":173,"column":20},"end":{"line":173,"column":22}}],"line":173},"19":{"loc":{"start":{"line":176,"column":8},"end":{"line":180,"column":null}},"type":"if","locations":[{"start":{"line":176,"column":8},"end":{"line":180,"column":null}},{"start":{"line":178,"column":15},"end":{"line":180,"column":null}}],"line":176},"20":{"loc":{"start":{"line":188,"column":11},"end":{"line":188,"column":22}},"type":"default-arg","locations":[{"start":{"line":188,"column":20},"end":{"line":188,"column":22}}],"line":188},"21":{"loc":{"start":{"line":191,"column":8},"end":{"line":195,"column":null}},"type":"if","locations":[{"start":{"line":191,"column":8},"end":{"line":195,"column":null}},{"start":{"line":193,"column":15},"end":{"line":195,"column":null}}],"line":191},"22":{"loc":{"start":{"line":203,"column":11},"end":{"line":203,"column":22}},"type":"default-arg","locations":[{"start":{"line":203,"column":20},"end":{"line":203,"column":22}}],"line":203},"23":{"loc":{"start":{"line":206,"column":8},"end":{"line":210,"column":null}},"type":"if","locations":[{"start":{"line":206,"column":8},"end":{"line":210,"column":null}},{"start":{"line":208,"column":15},"end":{"line":210,"column":null}}],"line":206},"24":{"loc":{"start":{"line":220,"column":6},"end":{"line":231,"column":null}},"type":"if","locations":[{"start":{"line":220,"column":6},"end":{"line":231,"column":null}},{"start":{"line":229,"column":13},"end":{"line":231,"column":null}}],"line":220},"25":{"loc":{"start":{"line":222,"column":10},"end":{"line":227,"column":null}},"type":"if","locations":[{"start":{"line":222,"column":10},"end":{"line":227,"column":null}},{"start":{"line":224,"column":17},"end":{"line":227,"column":null}}],"line":222}},"s":{"0":4,"1":4,"2":4,"3":4,"4":61,"5":0,"6":0,"7":61,"8":61,"9":61,"10":58,"11":58,"12":58,"13":0,"14":0,"15":58,"16":58,"17":58,"18":58,"19":696,"20":696,"21":58,"22":638,"23":58,"24":0,"25":15,"26":14,"27":15,"28":15,"29":4,"30":4,"31":15,"32":3,"33":3,"34":15,"35":0,"36":0,"37":4,"38":4,"39":4,"40":4,"41":2,"42":31,"43":684,"44":684,"45":684,"46":1,"47":683,"48":0,"49":0,"50":0,"51":0,"52":0,"53":35,"54":35,"55":34,"56":0,"57":34,"58":61,"59":61,"60":57,"61":57,"62":0,"63":57,"64":57,"65":4},"f":{"0":61,"1":58,"2":58,"3":58,"4":696,"5":696,"6":15,"7":4,"8":2,"9":31,"10":684,"11":684,"12":684,"13":0,"14":0,"15":0,"16":35,"17":35,"18":34,"19":61,"20":61,"21":57},"b":{"0":[61],"1":[0,61],"2":[58,3],"3":[3,1],"4":[0,58],"5":[14,1],"6":[15,0],"7":[15,15],"8":[15,0,0],"9":[15,15,15],"10":[4,11],"11":[4,0],"12":[3,12],"13":[3,0],"14":[3,0],"15":[0,0],"16":[0,15],"17":[31],"18":[684],"19":[1,683],"20":[0],"21":[0,0],"22":[35],"23":[0,34],"24":[57,4],"25":[0,57]},"meta":{"lastBranch":26,"lastFunction":22,"lastStatement":66,"seen":{"s:7:91:7:127":0,"s:10:93:10:132":1,"s:12:19:12:49":2,"s:13:18:13:42":3,"f:16:2:16:13":0,"b:16:24:16:26":0,"b:18:4:24:Infinity:21:11:24:Infinity":1,"s:18:4:24:Infinity":4,"s:19:6:19:Infinity":5,"s:20:6:20:Infinity":6,"s:22:6:22:Infinity":7,"s:23:6:23:Infinity":8,"b:23:39:23:49:23:53:23:80":2,"b:23:53:23:67:23:71:23:80":3,"s:25:4:25:Infinity":9,"f:31:8:31:18":1,"s:32:4:59:Infinity":10,"f:32:23:32:24":2,"s:33:6:58:Infinity":11,"f:33:50:33:55":3,"b:34:8:37:Infinity:undefined:undefined:undefined:undefined":4,"s:34:8:37:Infinity":12,"s:35:10:35:Infinity":13,"s:36:10:36:Infinity":14,"s:39:8:57:Infinity":15,"s:41:29:41:78":16,"s:42:25:42:60":17,"s:45:29:48:38":18,"f:47:17:47:18":4,"s:47:22:47:30":19,"f:48:20:48:21":5,"s:48:25:48:37":20,"s:50:10:52:Infinity":21,"s:51:12:51:Infinity":22,"s:54:10:54:Infinity":23,"s:56:10:56:Infinity":24,"f:65:8:65:12":6,"b:66:4:81:Infinity:undefined:undefined:undefined:undefined":5,"s:66:4:81:Infinity":25,"s:67:6:80:Infinity":26,"s:68:8:79:Infinity":27,"b:74:12:74:25:74:29:74:33":6,"b:75:12:75:21:75:25:75:29":7,"b:76:12:76:26:76:30:76:45:76:49:76:73":8,"b:77:12:77:26:77:30:77:45:77:49:77:Infinity":9,"b:83:4:109:Infinity:undefined:undefined:undefined:undefined":10,"s:83:4:109:Infinity":28,"s:84:6:108:Infinity":29,"s:85:8:107:Infinity":30,"b:105:12:105:25:105:29:105:Infinity":11,"b:111:4:127:Infinity:undefined:undefined:undefined:undefined":12,"s:111:4:127:Infinity":31,"s:112:6:126:Infinity":32,"s:113:8:125:Infinity":33,"b:122:12:122:26:122:30:122:46":13,"b:123:43:123:57:123:61:123:114":14,"b:123:94:123:110:123:113:123:114":15,"b:129:4:143:Infinity:undefined:undefined:undefined:undefined":16,"s:129:4:143:Infinity":34,"s:130:6:142:Infinity":35,"s:131:8:141:Infinity":36,"f:149:8:149:13":7,"s:150:4:150:Infinity":37,"s:151:4:151:Infinity":38,"s:152:4:152:Infinity":39,"s:153:4:153:Infinity":40,"f:159:2:159:15":8,"s:160:4:160:Infinity":41,"f:166:2:166:7":9,"b:166:22:166:24":17,"s:167:4:167:Infinity":42,"f:173:2:173:5":10,"b:173:20:173:22":18,"s:174:4:182:Infinity":43,"f:174:23:174:24":11,"s:175:6:181:Infinity":44,"f:175:31:175:39":12,"b:176:8:180:Infinity:178:15:180:Infinity":19,"s:176:8:180:Infinity":45,"s:177:10:177:Infinity":46,"s:179:10:179:Infinity":47,"f:188:2:188:5":13,"b:188:20:188:22":20,"s:189:4:197:Infinity":48,"f:189:23:189:24":14,"s:190:6:196:Infinity":49,"f:190:31:190:32":15,"b:191:8:195:Infinity:193:15:195:Infinity":21,"s:191:8:195:Infinity":50,"s:192:10:192:Infinity":51,"s:194:10:194:Infinity":52,"f:203:2:203:5":16,"b:203:20:203:22":22,"s:204:4:212:Infinity":53,"f:204:23:204:24":17,"s:205:6:211:Infinity":54,"f:205:31:205:32":18,"b:206:8:210:Infinity:208:15:210:Infinity":23,"s:206:8:210:Infinity":55,"s:207:10:207:Infinity":56,"s:209:10:209:Infinity":57,"f:218:8:218:16":19,"s:219:4:232:Infinity":58,"f:219:23:219:24":20,"b:220:6:231:Infinity:229:13:231:Infinity":24,"s:220:6:231:Infinity":59,"s:221:8:228:Infinity":60,"f:221:22:221:23":21,"b:222:10:227:Infinity:224:17:227:Infinity":25,"s:222:10:227:Infinity":61,"s:223:12:223:Infinity":62,"s:225:12:225:Infinity":63,"s:226:12:226:Infinity":64,"s:230:8:230:Infinity":65}}}
}
